== Info: Host localhost:8000 was resolved.
== Info: IPv6: ::1
== Info: IPv4: 127.0.0.1
== Info:   Trying [::1]:8000...
== Info: Connected to localhost (::1) port 8000
=> Send header, 249 bytes (0xf9)
0000: 50 4f 53 54 20 2f 75 70 6c 6f 61 64 2f 63 6f 6d POST /upload/com
0010: 70 61 6e 79 2f 6c 6f 67 6f 2f 36 63 34 37 36 66 pany/logo/6c476f
0020: 62 39 2d 33 30 33 36 2d 34 30 33 33 2d 61 61 39 b9-3036-4033-aa9
0030: 63 2d 61 34 36 65 66 39 66 63 31 38 35 39 20 48 c-a46ef9fc1859 H
0040: 54 54 50 2f 31 2e 31 0d 0a 48 6f 73 74 3a 20 6c TTP/1.1..Host: l
0050: 6f 63 61 6c 68 6f 73 74 3a 38 30 30 30 0d 0a 55 ocalhost:8000..U
0060: 73 65 72 2d 41 67 65 6e 74 3a 20 63 75 72 6c 2f ser-Agent: curl/
0070: 38 2e 37 2e 31 0d 0a 41 63 63 65 70 74 3a 20 2a 8.7.1..Accept: *
0080: 2f 2a 0d 0a 43 6f 6e 74 65 6e 74 2d 4c 65 6e 67 /*..Content-Leng
0090: 74 68 3a 20 31 32 34 37 33 0d 0a 43 6f 6e 74 65 th: 12473..Conte
00a0: 6e 74 2d 54 79 70 65 3a 20 6d 75 6c 74 69 70 61 nt-Type: multipa
00b0: 72 74 2f 66 6f 72 6d 2d 64 61 74 61 3b 20 62 6f rt/form-data; bo
00c0: 75 6e 64 61 72 79 3d 2d 2d 2d 2d 2d 2d 2d 2d 2d undary=---------
00d0: 2d 2d 2d 2d 2d 2d 2d 2d 2d 2d 2d 2d 2d 2d 2d 30 ---------------0
00e0: 69 61 36 78 33 4e 73 67 76 4d 58 38 78 39 6f 59 ia6x3NsgvMX8x9oY
00f0: 35 4b 71 6c 77 0d 0a 0d 0a                      5Kqlw....
=> Send data, 12473 bytes (0x30b9)
0000: 2d 2d 2d 2d 2d 2d 2d 2d 2d 2d 2d 2d 2d 2d 2d 2d ----------------
0010: 2d 2d 2d 2d 2d 2d 2d 2d 2d 2d 30 69 61 36 78 33 ----------0ia6x3
0020: 4e 73 67 76 4d 58 38 78 39 6f 59 35 4b 71 6c 77 NsgvMX8x9oY5Kqlw
0030: 0d 0a 43 6f 6e 74 65 6e 74 2d 44 69 73 70 6f 73 ..Content-Dispos
0040: 69 74 69 6f 6e 3a 20 66 6f 72 6d 2d 64 61 74 61 ition: form-data
0050: 3b 20 6e 61 6d 65 3d 22 6c 6f 67 6f 22 3b 20 66 ; name="logo"; f
0060: 69 6c 65 6e 61 6d 65 3d 22 31 2e 70 6e 67 22 0d ilename="1.png".
0070: 0a 43 6f 6e 74 65 6e 74 2d 54 79 70 65 3a 20 69 .Content-Type: i
0080: 6d 61 67 65 2f 70 6e 67 0d 0a 0d 0a 89 50 4e 47 mage/png.....PNG
0090: 0d 0a 1a 0a 00 00 00 0d 49 48 44 52 00 00 02 50 ........IHDR...P
00a0: 00 00 01 54 08 06 00 00 00 eb 9b 02 ce 00 00 00 ...T............
00b0: 09 70 48 59 73 00 00 2e 23 00 00 2e 23 01 78 a5 .pHYs...#...#.x.
00c0: 3f 76 00 00 20 00 49 44 41 54 78 9c ed dd df 55 ?v.. .IDATx....U
00d0: 1b 4b b6 c7 f1 3e 5e f3 3e 4c 04 c2 11 18 22 30 .K...>^.>L...."0
00e0: 1d 81 21 02 c3 a3 9e 80 08 30 11 80 9f f4 08 8e ..!......0......
00f0: 00 39 02 e1 08 90 23 40 8a e0 e8 44 70 ef 2a fc .9....#@...Dp.*.
0100: 6b d3 e6 80 a4 96 6a 57 d7 9f ef 67 2d 2f 3c 73 k.....jW...g-/<s
0110: e7 ca 92 00 f5 af 77 ed da f5 57 05 00 81 d5 c3 ......w...W.....
0120: f9 4e 55 55 7b fa 57 db 7f 77 06 55 55 ed 6e f9 .NUU{.W..w.UU.n.
0130: 8c a6 55 55 fd f3 e2 3f 2f dc 5f 26 a3 c1 3d df ..UU...?/._&..=.
0140: 6f 00 db 22 40 01 f0 ae 15 90 76 f5 67 d0 fa fb o.."@.....v.g...
0150: b6 e1 c8 97 59 eb cf bc f5 f7 e9 64 34 58 f0 53 ....Y......d4X.S
0160: 01 60 19 02 14 80 ad d4 c3 f9 81 c2 d2 40 5f f7 .`...........@_.
0170: 54 55 4a dd 7d f5 1c ae ee 09 56 00 da 08 50 00 TUJ.}.....V...P.
0180: d6 d6 0a 4b 1f aa aa 3a 88 a8 9a 14 ca 42 cb 81 ...K...:.....B..
0190: 3f f4 d5 85 aa 59 19 2f 1d 40 1b 01 0a c0 ab b4 ?....Y./.@......
01a0: 0c e7 42 d2 47 85 a6 03 de a9 57 cd 5a a1 ea 7e ..B.G.....W.Z..~
01b0: 32 1a 4c 23 7c 8e 00 3c 23 40 01 f8 4d 15 26 f7 2.L#|..<#@..M.&.
01c0: e7 d3 8b c6 6e ac 6f a1 25 3f 02 15 90 31 02 14 ....n.o.%?...1..
01d0: 50 b0 7a 38 df 6d 05 a6 83 4c 7a 97 62 33 6b 05 P.z8.m...Lz.b3k.
01e0: aa 31 7d 54 40 1e 08 50 40 61 14 9a 0e ab aa fa .1}T@..P@a......
01f0: 4c 95 a9 17 ae 22 f5 4d 61 8a fe 29 20 51 04 28 L....".Ma..) Q.(
0200: a0 00 84 a6 68 b9 00 35 76 81 8a a5 3e 20 2d 04 ....h..5v...> -.
0210: 28 20 53 84 a6 e4 10 a6 80 84 10 a0 80 cc d4 c3 ( S.............
0220: f9 b1 7a 9a 0e f9 de 26 cb 85 a9 af 2c f3 01 f1 ..z....&....,...
0230: 22 40 01 19 50 b5 e9 b4 aa aa 63 1a c1 b3 e3 aa "@..P.....c.....
0240: 52 df 27 a3 c1 6d e9 6f 04 10 13 02 14 90 30 55 R.'..m.o......0U
0250: 9b 3e 33 a3 a9 08 6e f7 de 2d 4b 7c 40 1c 08 50 .>3...n..-K|@..P
0260: 40 62 34 e0 f2 4c c1 a9 b4 49 e0 f8 e5 5e 41 8a @b4..L...I...^A.
0270: aa 14 d0 13 02 14 90 08 2d d3 5d 68 99 0e a8 54 ........-.]h...T
0280: 95 72 bd 52 d7 cc 97 02 c2 22 40 01 91 d3 74 f0 .r.R....."@...t.
0290: 53 9a c2 b1 82 ab 46 5d d2 74 0e 84 41 80 02 22 S.....F].t..A.."
02a0: a5 e0 74 41 7f 13 3a ba 57 90 ba e7 8d 03 ec 10 ..tA..:.W.......
02b0: a0 80 c8 10 9c e0 09 41 0a 30 44 80 02 22 41 70 .......A.0D.."Ap
02c0: 82 91 99 82 14 0d e7 80 47 04 28 a0 67 6a 0e bf ........G.(.gj..
02d0: 21 38 c1 98 0b 52 27 54 a4 00 3f 08 50 40 4f d8 !8...R'T..?.P@O.
02e0: 55 87 9e b0 b4 07 78 40 80 02 02 6b cd 71 3a 65 U.....x@...k.q:e
02f0: 6a 38 7a e4 02 d4 39 43 39 81 cd 10 a0 80 80 34 j8z...9C9......4
0300: 39 fc 82 01 98 88 08 e3 0f 80 0d 10 a0 80 00 ea 9...............
0310: e1 7c af aa aa 2b fa 9c 10 29 06 72 02 1d 11 a0 .|...+...).r....
0320: 00 43 5a ae bb d0 92 1d 10 bb 99 96 f5 c6 7c a7 .CZ...........|.
0330: 80 e5 08 50 80 91 7a 38 3f 54 d5 89 e5 3a a4 86 ...P..z8?T...:..
0340: fe 28 60 05 02 14 e0 99 aa 4e 37 1c bd 82 0c 5c .(`......N7....\
0350: b2 ac 07 bc 8e 00 05 78 54 0f e7 67 5a b2 63 77 .......xT..gZ.cw
0360: 1d 72 c1 fc 28 e0 15 04 28 c0 03 86 61 a2 00 63 .r..(...(...a..c
0370: 05 29 aa 51 28 5e 45 80 02 b6 a7 5e a7 1b aa 4e .).Q(^E....^...N
0380: 28 c0 42 21 8a 26 73 14 8f 00 05 6c 88 5e 27 14 (.B!.&s....l.^'.
0390: 8c 6a 14 8a 47 80 02 36 a0 83 7f ef a8 3a a1 60 .j..G..6.....:.`
03a0: 54 a3 50 34 02 14 d0 51 3d 9c 7f 51 a3 38 80 aa T.P4...Q=..Q.8..
03b0: ba d6 24 73 aa 51 28 0a 01 0a 58 93 1a c5 5d d5 ..$s.Q(...X...].
03c0: 69 8f f7 0c f8 83 db a9 77 c4 dc 28 94 e4 1d df i.......w..(....
03d0: 6d 60 35 35 8a 3f 10 9e 80 57 b9 9b 8b 07 8d f1 m`55.?...W......
03e0: 00 8a 40 05 0a 58 81 25 3b a0 13 1a cc 51 04 02 ..@..X.%;....Q..
03f0: 14 f0 06 ed b2 bb 63 b6 13 d0 19 4b 7a c8 1e 4b ......c....Kz..K
0400: 78 c0 2b ea e1 7c 4f 4b 76 84 27 a0 bb 66 49 ef x.+..|OKv.'..fI.
0410: 98 f7 0e b9 22 40 01 2f e8 43 7f c2 21 c0 c0 d6 ...."@./.C..!...
0420: 6e ea e1 fc 86 b7 11 39 62 09 0f 68 a1 df 09 30 n......9b..h...0
0430: e1 96 f2 6a fa a2 90 13 02 14 f0 dc ef 74 55 55 ...j.........tUU
0440: 15 4b 0e 80 8d 85 42 14 7d 51 c8 02 01 0a c5 53 .K....B.}Q.....S
0450: 78 9a 30 a2 00 30 e7 42 d4 f9 64 34 b8 e5 ad 46 x.0..0.B..d4...F
0460: ea e8 81 42 d1 d4 2c 4e 78 02 c2 d8 51 5f 14 f3 ...B..,Nx...Q_..
0470: a2 90 3c 2a 50 28 56 2b 3c 71 9e 1d 10 de ed 64 ..<*P(V+<q.....d
0480: 34 38 e1 7d 47 aa 08 50 28 92 26 8b df 10 9e 80 48.}G..P(.&.....
0490: 5e 31 74 13 c9 22 40 a1 38 1a 53 c0 d6 6a 20 0e ^1t.."@.8.S..j .
04a0: ec d0 43 92 08 50 28 0a e1 09 88 12 21 2a 31 3a ..C..P(.....!*1:
04b0: 5c 7d 4f 7f 06 9a 9b b7 d3 a1 9f 74 d6 fa 33 d7 \}O........t..3.
04c0: cf c0 2c a5 5d 9a 04 28 14 43 8d ab 57 7c c7 81 ..,.]..(.C..W|..
04d0: 28 31 e6 20 62 ea 19 75 ad 0f 1f 15 92 2c db 1f (1. b..u.....,..
04e0: ee ab aa fa e1 be 4e 46 83 fb 58 df 15 02 14 8a ......NF..X.....
04f0: a0 69 c8 cc 78 02 e2 46 88 8a 88 7a 45 3f 29 38 .i..x..F...zE?)8
0500: f5 d5 2f ba 50 a0 fa ee 7a e6 62 aa 52 12 a0 90 ../.P...z.b.R...
0510: 3d c2 13 90 14 42 54 8f 54 69 3a ed 39 34 bd 65 =....BT.Ti:.94.e
0520: a1 8d 07 df 62 a8 4c 11 a0 90 35 c2 13 90 24 42 ....b.L...5...$B
0530: 54 60 ea 0f 3d 4d 68 26 9e eb 9d ba ec b3 2a 45 T`..=Mh&......*E
0540: 80 42 b6 08 4f 40 d2 08 51 c6 74 0a 43 13 9c 52 .B..O@..Q.t.C..R
0550: 3d 3c dd fd 9c 7c ad aa ea 3a 74 90 22 40 21 4b =<...|...:t."@!K
0560: 84 27 20 0b 84 28 23 aa 38 5d 24 1c 9c 5e 72 3f .' ..(#.8]$..^r?
0570: 2b 97 93 d1 e0 3a d4 3f 48 80 42 76 ea e1 dc ed +....:.?H.Bv....
0580: b4 e3 a8 08 20 0f 84 28 8f ea e1 fc 40 bb 91 73 .... ..(....@..s
0590: 3d be 6a a6 e1 ac e6 3d 52 04 28 64 85 39 4f 40 =.j....=R.(d.9O@
05a0: 96 5c 88 da 9f 8c 06 33 be bd 9b d1 72 dd 55 41 .\.....3....r.UA
05b0: 95 79 f3 29 f7 04 28 64 83 f0 04 64 8d 61 9b 1b .y.)..(d...d.a..
05c0: 52 d5 e9 ae c0 a3 ab 16 0a 51 63 8b 07 27 40 21 R........Qc..'@!
05d0: 0b 84 27 a0 08 84 a8 8e 68 69 78 72 5b 55 d5 b9 ..'.....hixr[U..
05e0: ef 9f 1b 02 14 92 a7 b9 25 0f 7c 27 81 22 b8 e9 ........%.|'."..
05f0: d4 35 df ea e5 74 d4 ca 5d c6 bd 4e 5d 4d 55 8d .5...t..]..N]MU.
0600: f2 d6 4b f7 2e d8 53 07 0c 28 3c 4d 78 6f 81 62 ..K...S..(<Mxo.b
0610: 1c 68 97 2d de d0 ba a9 24 3c 3d 7b ba 56 68 39 .h.-....$<={.Vh9
0620: d3 0b 02 14 92 a5 a6 c8 49 81 eb fa 40 e9 8e eb ........I...@...
0630: e1 fc 4b e9 6f c2 6b d4 ce f0 c0 e7 e2 ab 76 14 ..K.o.k.......v.
0640: a2 bc 34 d2 13 a0 90 24 c2 13 50 bc 0b 5f 17 c2 ..4....$..P.._..
0650: 5c d0 0b ba b6 1b 1d 2e bf 15 02 14 52 c5 da 3e \...........R..>
0660: 80 1b 2d 57 15 8f f0 d4 d9 d5 b6 4b c1 04 28 24 ..-W.......K..($
0670: 47 3f f4 de d6 b1 01 24 6d a2 8a 74 b1 08 4f 1b G?.....$m..t..O.
0680: 3b d6 2e c5 8d b0 0b 0f 49 e1 83 02 c0 2b a6 93 ;.......I....+..
0690: d1 60 bf c4 37 26 92 cf c4 99 76 b9 fd d4 df 9b .`..7&....v.....
06a0: 81 a7 d3 f6 e8 80 56 03 f7 8e 56 10 3e e8 28 99 ......V...V.>.(.
06b0: be ab 88 6e 77 de 6d d7 ff 27 02 14 92 a1 5f 3e ...nw.m..'...._>
06c0: 76 dc 01 78 cd ed 64 34 38 29 e9 9d e9 f1 33 d1 v..x..d48)....3.
06d0: 85 22 37 9c f2 bb c6 4a 6c 35 5f 49 15 44 f7 5a ."7....Jl5_I.D.Z
06e0: 3e e9 6b 1f e7 f3 75 0e 51 04 28 24 41 33 4d d8 >.k...u.Q.($A3M.
06f0: 59 02 60 99 8d 2a 09 29 6a 8d 70 09 f9 99 e8 de Y.`..*.)j.p.....
0700: db ef 56 93 bd 1b 0a 86 9f ab aa 3a 0c f8 fa 3a ..V........:...:
0710: 9f b9 48 80 42 f4 5a 3b ee 68 16 05 b0 4c 11 07 ..H.B.Z;.h...L..
0720: 0f 07 fe 4c 74 ef e9 57 55 f8 82 9e 45 a8 d7 e9 ...Lt..WU...E...
0730: 76 cb 9d 06 0a 52 ee b5 be 5f b7 a2 46 13 39 52 v....R..._..F.9R
0740: 90 f3 c9 e1 00 fc 71 17 d9 bb 02 9a ca 6f 02 7c ......q......o.|
0750: 26 ba 10 71 a9 40 f1 a5 8f 83 9c 5d 90 71 ff b6 &..q.@.....].q..
0760: 7b 0e 7a 2e d6 47 f8 ec 68 87 f7 5a a8 40 21 6a {.z..G..h..Z.@!j
0770: 34 8d 03 d8 c0 78 32 1a 1c e5 f8 c6 69 7e d1 c6 4....x2.....i~..
0780: 3b c7 d6 34 d6 d9 71 c1 43 d3 32 0a c6 ee b5 5b ;..4..q.C.2....[
0790: cf ff ba 54 70 5b 8a 00 85 68 71 c6 1d 80 2d 64 ...Tp[...hq...-d
07a0: d7 0f 15 a0 17 74 a1 f7 cd b4 c7 69 5b ea 91 ba .....t.....i[...
07b0: 33 5e d6 db 5f b5 14 cc 12 1e a2 a4 3b 8d b5 4b 3^.._.......;..K
07c0: a9 00 f0 c2 95 02 47 4e 6e 0c 43 c3 54 cb 75 51 ......GNn.C.T.uQ
07d0: 87 a7 ea d7 d2 de bd 96 f5 2c 9f eb ca 95 0f 02 .........,......
07e0: 14 62 75 d3 d3 56 56 00 79 c8 ea 26 4c ed 0c 56 .bu..VV.y..&L..V
07f0: 03 84 5d 83 f8 fe b6 e3 08 42 52 7f d4 91 7a a3 ..]......BR...z.
0800: 2c ec ad 3a 6f 91 25 3c 44 27 d0 1a 3f 80 32 ac ,..:o.%<D'..?.2.
0810: d5 cf 12 33 55 e4 1f 8d aa 4f c9 2f 75 1a f6 ca ...3U....O./u...
0820: 2e b4 94 f7 6a 2f 18 15 28 44 45 7d 4f 17 7c 57 ....j/..(DE}O.|W
0830: 00 78 72 91 c1 79 79 17 84 a7 b7 e9 35 58 0c 51 .xr..yy.....5X.Q
0840: dd 59 76 3d 22 40 21 36 96 6b fc 00 ca 94 ec 4e .Yv="@!6.k.....N
0850: 5e f5 71 9d 19 3c 74 56 4d f6 86 21 ea f8 ad 00 ^.q..<tVM..!....
0860: 4e 80 42 34 74 a8 23 f3 9e 00 f8 b6 b2 9f 25 62 N.B4t.#.......%b
0870: 16 15 f9 f3 1c 27 b6 1b 86 a8 57 5b 4a e8 81 42 .....'....W[J..B
0880: 14 38 e7 0e 40 00 ef 63 9b 6d b4 8c aa 4f 8f 9e .8..@..c.m...O..
0890: 1f 36 fb 33 03 75 33 ee bb 6a f7 af 9f 1d 2a 50 .6.3.u3..j....*P
08a0: e8 9d 1a 24 19 96 09 c0 5a 6a 9f 33 a7 9e 1f 6f ...$....Zj.3...o
08b0: 5a c2 81 cb 93 d1 e0 dc 1d 72 ec f9 61 ff 55 09 Z........r..a.U.
08c0: 24 40 21 06 17 8c 2c 00 10 c0 81 76 6c 45 4f 37 $@!...,....vlEO7
08d0: 96 3e 9f ab db 51 96 e5 74 f6 37 1c 79 3e fa e5 .>...Q..t.7.y>..
08e0: f8 e5 11 41 04 28 f4 4a 4b 77 16 0d 92 00 f0 9a ...A.(.JKw......
08f0: ab 44 ce ca 3b f4 bc a1 e6 32 a5 e5 cb 6d 69 a6 .D..;....2...mi.
0900: 95 ef 6a db 1f d7 2a 02 14 7a c3 d2 1d 80 1e 2c ..j...*..z.....,
0910: dd 9a 1e 11 9f cb 77 f7 93 d1 e0 ba b4 1f 36 4d ......w.......6M
0920: 55 f7 39 ad fc 73 fb 3f 10 a0 d0 27 96 ee 00 f4 U.9..s.?...'....
0930: e1 2c e6 63 5e f4 dc 7c ee 48 3e f7 f8 58 a9 f1 .,.c^..|.H>..X..
0940: f9 da 77 db 23 0d 08 50 e8 05 4b 77 00 7a 16 73 ..w.#..P..Kw.z.s
0950: f5 fb d0 e3 63 dd ae 3a 14 37 67 5a b6 f4 79 dc ....c..:.7gZ..y.
0960: cb ef 2a 14 01 0a 7d e1 a8 16 00 7d 3a d0 8d 5c ..*...}....}:..\
0970: 8c 3e 7b 7c 4e 56 67 c5 a5 e4 da 63 43 f9 ef 70 .>{|NVg....cC..p
0980: 4b 80 42 70 1a 68 c7 c0 4c 00 7d 8b ee 46 4e bd K.Bp.h..L.}..FN.
0990: a1 be 3e 1f 6f 4b 6a 1c 7f 8b 1a ca 7d f5 42 fd ..>.oKj.....}.B.
09a0: 5e c6 23 40 21 28 ad ed fb 9e 6d 02 00 9b d8 8b ^.#@!(....m.....
09b0: 70 ac 81 cf e5 bb 6f 1e 1f 2b 75 3e 2b 71 4f 95 p.....o..+u>+qO.
09c0: 4b 02 14 42 bb e2 ac 3b 00 11 89 6d 47 de 47 4f K..B...;...mG.GO
09d0: 8f 33 9b 8c 06 be 87 49 26 4b 95 38 5f ef c7 d3 .3.....I&K.8_...
09e0: f7 88 00 85 60 d4 6f e0 f3 ee 0a 00 b6 b5 1b 59 ....`.o........Y
09f0: 15 ca d7 f2 dd 57 4f 8f 93 13 5f 15 39 2a 50 08 .....WO..._.9*P.
0a00: 8e 99 4f 00 62 14 53 15 ca 57 80 a2 fa f4 6f be ..O.b.S..W....o.
0a10: fa a0 76 5c 3b 0a 01 0a 41 d4 c3 f9 19 33 9f 00 ..v\;...A....3..
0a20: 44 2a 8a 2a 94 c7 5d 81 b3 92 47 17 bc 45 cd e4 D*.*..]...G..E..
0a30: be de 17 02 14 ec 69 57 49 0a 93 7f 01 94 2b 86 ......iWI.....+.
0a40: cf 28 5f 37 99 54 9f de f6 dd d3 e3 1c 10 a0 10 .(_7.T..........
0a50: c2 05 8d e3 00 22 17 43 15 ca 57 80 fa e1 e9 71 .....".C..W....q
0a60: 72 e4 ab 02 35 20 40 c1 94 c6 16 30 71 1c 40 0a r...5 @....0q.@.
0a70: fa ae 42 7d f0 f4 38 c5 cf 7e 5a 82 25 3c 24 83 ..B}..8..~Z.%<$.
0a80: 89 e3 00 52 b1 db f3 74 72 2f 95 7a c6 17 bc cd ...R...tr/.z....
0a90: e3 60 d1 1d 02 14 cc 30 b6 00 40 82 52 ef d7 f4 .`.....0..@.R...
0aa0: 75 64 49 ce 7c 04 cc 3d 02 14 2c d1 38 0e 20 35 udI.|..=..,.8. 5
0ab0: 07 6a 3d e8 83 8f ea 17 bb ef 02 21 40 c1 84 aa .j=........!@...
0ac0: 4f b1 1e d4 09 00 cb 70 f3 97 37 2f cb 78 04 28 O......p..7/.x.(
0ad0: 58 e1 03 08 40 aa 0e 35 7e 05 79 9a fb 78 55 04 X...@..5~.y..xU.
0ae0: 28 78 47 f5 09 40 e2 76 e8 df c4 2a 04 28 58 a0 (xG..@.v...*.(X.
0af0: fa 04 20 75 a7 7c 07 b1 0c 01 0a 5e 51 7d 02 90 .. u.|.....^Q}..
0b00: 89 bd 7a 38 f7 75 2e 1d e2 32 f0 f1 6c 08 50 f0 ..z8.u...2..l.P.
0b10: 8d ea 13 80 5c 7c e6 3b 99 25 2f bb 2c 09 50 f0 ....\|.;.%/.,.P.
0b20: 86 ea 13 80 cc 84 3e da c5 cb 7c 22 0f 8f 81 35 ......>...|"...5
0b30: 10 a0 e0 13 d5 27 00 39 d9 a9 87 f3 d4 9a c9 d9 .....'.9........
0b40: 3d b8 9a 97 79 5b 04 28 78 41 f5 09 40 a6 3e a5 =...y[.(xA..@.>.
0b50: f6 b2 7a 3e 8e 26 6a 1e c7 53 2c 08 50 f0 85 5e ..z>.&j..S,.P..^
0b60: 01 00 39 0a 59 81 fa e1 e9 71 fa 9a a4 9e 02 5f ..9.Y....q....._
0b70: 4b 9c b3 ff e4 fd 3e 21 04 1d 7b 10 ba 57 00 71 K.....>!..{..W.q
0b80: 9a ea 2c 2e f7 e7 e7 1a cf 70 a0 0f fb 1d 7a 37 ..,......p....z7
0b90: 10 a9 a7 65 bc c9 68 30 4e e8 1b f4 b1 aa aa db ...e..h0N.......
0ba0: 08 9e 47 8c 7c 55 e7 e6 04 28 f8 c0 bc 94 f2 2c ..G.|U...(.....,
0bb0: d4 f0 fa 53 a1 69 ea e3 94 73 95 d7 f7 f4 21 f7 ...S.i...s....!.
0bc0: 41 7f e7 6e 1a 7d 73 cb 78 29 05 28 96 f0 de e6 A..n.}s.x).(....
0bd0: 6b 49 76 fa 97 c5 b3 43 39 74 c1 7b a4 71 b1 08 kIv....C9t.{.q..
0be0: 63 2d 31 dc 4f 46 83 60 07 96 aa c2 79 a0 bb ea c-1.OF.`....y...
0bf0: 43 7e d6 d0 83 c5 64 34 f8 9f f5 3f 5b 0f e7 5f C~....d4...?[.._
0c00: 3c 6e c6 79 ef e3 a6 26 27 ba 5e fd ed e9 25 bd <n.y...&'.^...%.
0c10: a7 02 85 6d 1d 73 41 cb 9a 0b 4d df dd d7 c9 68 ...m.sA...M....h
0c20: b0 e8 e3 85 ea 22 70 ab 3f 27 da 15 f5 89 30 85 ....."p.?'....0.
0c30: 80 52 5c c6 73 bf 1f d7 11 3c 8f 98 f8 ea 67 73 .R\.s....<....gs
0c40: 81 9a 1e 28 6c 8d e5 bb fc b8 c0 f2 d5 05 96 be ...(l...........
0c50: 42 d3 32 ba 88 8d 15 a6 8e b5 81 81 25 0b 58 fb B.2.........%.X.
0c60: 98 d8 32 de 29 01 ea 5f 7c 6d 76 7a 9a d7 c5 2e ..2.).._|mvz....
0c70: 3c 6c 4c 5b 65 e9 4f c9 87 fb 50 38 9a 8c 06 ae <lL[e.O...P8....
0c80: f4 7f 1d 63 78 7a 69 32 1a b8 90 57 bb 72 3a 4d ...cxzi2...W.r:M
0c90: b3 30 96 da 3c a8 5d c6 19 3c 6b b5 02 f8 f0 b4 .0..<.]..<k.....
0ca0: 5b 92 00 85 6d 50 7d ca 83 0b 4e b5 0b 22 89 2d [...mP}...N..".-
0cb0: 51 fc e6 ca e9 93 d1 e0 44 41 ea 32 92 a7 85 bc Q.......DA.2....
0cc0: ec ea 22 9c 12 c6 cb 3c f3 79 bd a2 02 85 cd e9 .."....<.y......
0cd0: 83 24 b5 3b 32 fc a9 1d 9c 7c 1c 21 d1 3b 05 a9 .$.;2....|.!.;..
0ce0: 2f 54 a4 60 24 b5 cf bc e3 04 43 9f 77 6a 1e f7 /T.`$.....C.wj..
0cf0: 35 6a 67 d6 6c a2 21 40 61 53 cc 7d 4a 97 5b 9a 5jg.l.!@aS.}J.[.
0d00: 3b c9 29 38 bd d4 aa 48 ed 7b 3a 5f 0c a8 d4 07 ;.)8...H.{:_....
0d10: 95 1a 8e d8 aa aa 33 8f 1b 4e 7e 57 e9 09 50 d8 ......3..N~W..P.
0d20: 14 a5 e1 34 dd 6a 7b 73 11 d5 19 77 a7 a8 1e a9 ...4.j{s...w....
0d30: 73 05 47 60 1b 29 f6 14 b9 2a 54 b1 43 6a 55 81 s.G`.)...*T.CjU.
0d40: f3 b9 7c f7 ad f9 0b 01 0a 9d d1 3c 9e a4 85 96 ..|........<....
0d50: eb 4e 52 68 0e f7 cd 35 c5 53 8d 82 07 3b 89 86 .NRh...5.S...;..
0d60: 91 ab 08 9e 43 5f ae 3c 56 9f 66 ed 19 78 04 28 ....C_.<V.f..x.(
0d70: 6c 82 ea 53 5a c6 aa 3a 15 1d 1e b4 ac 57 d3 64 l..SZ..:.....W.d
0d80: 8e 2d 59 56 a1 06 46 8f 7b 50 0f e7 67 46 8f 1d .-YV..F.{P..gF..
0d90: 2d dd ec fb ec 5b fb d6 fe 0f 04 28 74 e2 b9 19 -....[.....(t...
0da0: 0f f6 2e 27 a3 c1 51 89 55 a7 b7 a8 c9 bc 66 49 ...'..Q.U.....fI
0db0: 0f 1b b2 ec 83 b2 ac ec 5f 94 d4 50 ae 6b d5 9d ........_..P.k..
0dc0: e7 87 fd a3 f5 81 00 85 ae d8 79 97 86 85 66 3a ..........y...f:
0dd0: 7d 29 fd 8d 78 8d aa 71 ef 75 8e 1f d0 45 aa b3 })..x..q.u...E..
0de0: 95 2c 02 45 cc 6e 3c 9f 54 70 fb f2 68 1c 02 14 .,.E.n<.Tp..h...
0df0: ba 62 f9 2e 7e 33 f5 3b 25 39 d3 29 14 55 e5 ea .b..~3.;%9.).U..
0e00: c4 a6 4b a3 7f 3b 86 95 1c eb fe aa bd 7a 38 bf ..K..;.......z8.
0e10: 31 fe 37 7a a7 33 05 7d df ec 7f 7d f9 5f 10 a0 1.7z.3.}...}._..
0e20: b0 36 cf 93 5c 61 c3 55 54 f6 43 1e f6 9b 32 17 .6..\a.UT.C...2.
0e30: a2 dc 12 27 33 a3 d0 91 55 d0 09 71 b6 e3 b1 8e ...'3...U..q....
0e40: 40 ca 92 5e 9b ef d1 0d af 1e a0 4e 80 42 17 2c @..^.......N.B.,
0e50: df c5 6d aa ca 13 bd 3d 1d 69 66 14 21 0a eb f2 ..m....=.if.!...
0e60: 1e a0 02 f7 27 dd e4 18 a2 d4 34 6e 51 61 7b 75 ....'.....4nQa{u
0e70: e3 09 01 0a 5d b0 7c 17 2f c2 d3 96 08 51 e8 c0 ....].|./....Q..
0e80: a2 91 3c 74 83 77 56 21 4a e3 25 2c 7a bc 6e df ..<t.wV!J.%,z.n.
0e90: da c1 4c 80 c2 5a 74 77 54 ec 30 b6 c8 11 9e 3c ..L..ZtwT.0....<
0ea0: 21 44 61 4d 16 9f 85 7d 7c be 66 11 a2 f4 1a 1e !DaM...}|.f.....
0eb0: 8c 96 40 df 1c 7b 42 80 c2 ba 58 be 8b d3 82 f0 ..@..{B...X.....
0ec0: e4 97 42 14 8d e5 58 c6 a2 91 dc 6a 06 d4 2a 2e ..B...X....j..*.
0ed0: 44 25 3b 68 53 f3 ad ac 1a e3 2f 5f ee bc 6b fb D%;hS...../_..k.
0ee0: 8f d1 3f 8a fc b0 7c 17 1f c2 93 9d 13 2d a9 50 ..?...|......-.P
0ef0: 75 c5 5b 76 b5 e3 d5 97 3e 7f d6 ce b4 04 96 cc u.[v....>.......
0f00: cc 38 cd 79 ba 31 bc b9 9f ad 1a 03 43 05 0a 2b .8.y.1......C..+
0f10: b1 7c 17 ad 13 76 db d9 d0 45 e4 88 61 9b 58 c2 .|...v...E..a.X.
0f20: f7 8e e4 be 3f 63 dd eb 79 ac 87 f3 e8 57 1b d4 ....?c..y....W..
0f30: 2c fe 60 bc 32 72 b4 ea 7f 40 05 0a eb 60 74 41 ,.`.2r...@...`tA
0f40: 7c 2e 63 9d f3 a4 0f b7 3d f5 23 7c 58 d1 97 f0 |.c.....=.#|X...
0f50: 43 5f 5d 93 e6 34 a6 bb 5f 57 ba af 87 73 f7 21 C_]..4.._W...s.!
0f60: 3a 89 e0 e9 20 3e de 96 dc 74 93 1a 62 84 c1 2a :... >...t..b..*
0f70: 4f c3 36 eb e1 7c ac 1b b4 a8 6e 20 54 75 72 23 O.6..|....n Tur#
0f80: 0a ac 8f a5 b9 5c e7 e6 f4 2f e3 27 81 0c d4 c3 .....\.../.'....
0f90: f9 1d 3d 50 51 b9 d7 99 6e 51 50 60 fa a4 a0 bd ..=PQ...nQP`....
0fa0: ed 5d f4 4c 61 ea bb 5e 67 ef 1f e0 1a ca e7 7b .].La..^g......{
0fb0: ae 0c d2 e7 ed f7 50 55 9f d8 a6 84 2f 34 3c f2 ......PU..../4<.
0fc0: 3a 92 df c3 33 fd 1e 5a 07 4d 77 23 b7 bf ce ff :...3..Z.Mw#....
0fd0: 90 00 85 95 ea e1 fc ff 78 97 a2 b1 d0 c1 c0 bd ........x.......
0fe0: 7e a0 a9 5f e2 54 c1 da f2 03 cd ed 88 fb d6 f7 ~.._.T..........
0ff0: 41 c8 f5 70 3e a1 12 8b 17 dc 10 d6 ff f9 78 53 A..p>.........xS
1000: d4 c4 1d eb 61 bf bd 05 a9 d6 d9 ab a7 81 c6 3c ....a..........<
1010: 74 fa 7c 25 40 05 a6 bb f5 aa b5 c4 51 a9 14 bc t.|%@.......Q...
1020: c9 0f c7 8f d6 df a7 fa e6 2f 7c f6 c5 44 7a 67 ........./|..Dzg
1030: 54 b2 a3 3e 97 ee f4 f3 7b d1 43 98 98 a9 ac de T..>....{.C.....
1040: cb 88 01 2d b1 58 6d 93 46 a2 26 a3 81 97 6b 68 ...-.Xm.F.&...kh
1050: 3d 9c 3f 24 d0 67 ba d0 ee 54 f3 1b 9a 80 37 68 =.?$.g...T....7h
1060: 2f 75 3a c5 81 00 65 40 df fc a6 f1 ba e9 01 09 /u:...e@........
1070: 7d c1 59 28 54 b9 0b cf 7c d3 1e 93 c8 ef 8c 4a }.Y(T...|......J
1080: 33 d6 b1 23 c1 f5 18 9c 5e ea 2d 48 69 09 21 d9 3..#....^.-Hi.!.
1090: ed de 30 51 6f 1b 26 54 65 f9 3b b1 6f 8f fb 3d ..0Qo.&Te.;.o..=
10a0: 1c eb 26 de cb 52 7b ab 15 e0 b0 87 a1 a2 95 7a ..&..R{........z
10b0: be 3a 7d ae 10 a0 b6 d4 3a 1f ee 83 02 53 ec 65 .:}.....:....S.e
10c0: fe 26 58 fd 58 27 54 d5 c3 f9 63 4f 3f cc f8 d3 .&X.X'T...cO?...
10d0: 42 77 47 3e b7 4d af 14 60 ab f0 a6 dc cf ee 79 BwG>.M..`......y
10e0: e8 5d 88 89 54 0a 10 8e 8f 00 95 43 95 7f aa 3f .]..T......C...?
10f0: cd cd 7a a5 31 00 7f 7c 5e e9 f3 a4 f9 fd 39 d0 ..z.1..|^.....9.
1100: ea cb 5e 04 bf 53 ee b3 e4 ba eb ff 13 01 aa a3 ..^..S..........
1110: 56 60 fa a8 af 39 84 8b a9 7e e8 ff b8 9b d0 6b V`...9...~.....k
1120: 7d ec ff e9 41 55 97 a5 33 49 7c d3 07 fb 4d e4 }...AU..3I|...M.
1130: cb 56 41 df 17 dd 25 b3 2b 0f 8d 8d 2e bc 6d 54 .VA...%.+.....mT
1140: f9 7b 77 ab e1 b9 9d 11 a0 d6 10 41 69 31 b4 66 .{w........Ai1.f
1150: 17 d4 80 5f ec 28 b8 3b b9 f7 21 9f 48 62 1f ea ..._.(.;..!.Hb..
1160: f7 21 07 00 b2 2b 15 2d 5b 07 78 aa fc bd da 38 .!...+.-[.x....8
1170: 3c 55 cc 81 7a 9b ee be 3f f5 d0 c4 16 83 03 76 <U..z...?......v
1180: 1c 45 e5 cd b3 98 7c 53 89 7d 92 d8 32 d5 d3 50 .E....|S.}..2..P
1190: 3d 37 b3 29 d0 92 de 39 01 0a b2 d5 2c 28 55 f9 =7.)...9....,(U.
11a0: 09 4f fd 70 bb 0a cf b7 f9 97 99 44 de e2 9a bf .O.p.......D....
11b0: dd 9d 77 3d 9c ff ad 35 e9 63 76 dd a0 67 b3 50 ..w=...5.cv..g.P
11c0: 0d d3 fa 30 4f 2d 3c 35 9e 9e bb 36 70 98 52 5f ...0O-<5...6p.R_
11d0: 07 07 0e c3 07 82 78 3f 4e b6 0d 4f 15 15 a8 df ......x?N..O....
11e0: 77 dc 87 da 32 49 73 28 62 13 a4 fa a4 e0 31 49 w...2Is(b.....1I
11f0: fc 86 61 47 21 aa 0e 50 89 ba d4 0d 16 ca b6 ed ..aG!..P........
1200: ef 27 67 8c 86 b5 50 78 f2 32 0a a6 d8 1e 28 dd .'g...Px.2....(.
1210: 6d 5f 14 ba 44 87 34 04 e9 7d 4a 74 d9 6e 99 e6 m_..D.4..}Jt.n..
1220: 90 65 d3 10 55 0f e7 37 84 a8 a2 6d b5 04 c4 26 .e..U..7...m...&
1230: 9d e0 a6 be cf 0f 2d 6e 09 cf 35 84 6b aa f0 23 ......-n..5.k..#
1240: 4b 74 88 9c 79 f5 29 c3 f0 54 b5 2a 51 d6 bd 25 Kt..y.)..T.*Q..%
1250: df 8c 1f 1f f1 5a 78 f8 fd 64 f9 2e 9c b1 c5 4d .....Zx..d.....M
1260: 55 31 01 aa 1e ce 8f 15 9c 38 92 01 29 68 a6 fe U1.......8..)h..
1270: 5a bb ca 74 e9 ba 39 14 d5 ec 06 49 f3 7f 82 ce Z..t..9....I....
1280: a1 42 34 2e 3d ec fa 3c e5 db 69 ae 59 b2 33 d9 .B4.=..<..i.Y.3.
1290: a5 9b 7d 0f 94 76 d3 5d b1 d3 01 89 19 5b 6f cb ..}..v.].....[o.
12a0: d7 64 ed 9c 97 a0 f6 f4 bb bf f1 36 e5 35 7c a3 .d.........6.5|.
12b0: 77 b2 38 53 0f b3 9f f6 b8 26 99 1b 6b 4e 97 d9 w.8S.....&..kN..
12c0: f0 e1 6c 2b 50 ad a5 ba 3b 7e 50 91 a0 af 96 4f ..l+P...;~P....O
12d0: b9 d5 03 98 bb 63 dd 44 59 61 37 5e 79 b6 de bd .....c.DYa7^y...
12e0: 45 f5 c9 d4 4c 73 e1 8e ac 4f 6e c8 ae 89 5c 17 E...Ls...On...\.
12f0: 86 1b 96 e9 90 30 f3 e6 71 dd 5c 94 f2 3b d2 e9 .....0..q.\..;..
1300: 84 f5 ae 18 ac 59 94 ad 67 07 69 59 f9 91 fe 5b .....Y..g.iY...[
1310: ef dc ef f7 d7 90 27 13 64 b3 84 a7 1f ca 0b 26 ......'.d......&
1320: 67 23 03 a6 bd 4f ae 1f 30 60 78 6a fa 84 fe d1 g#...O..0`xj....
1330: 9d e1 a2 b5 e4 f5 51 7f b7 be 90 34 9f 0d 3e 2a ......Q....4..>*
1340: 07 af f9 4e 80 2a c2 cc d3 c6 0e 36 2f f9 b5 50 ...N.*.....6/..P
1350: c5 fe 3a d4 69 04 8d 2c 02 94 2e 08 57 fc 50 22 ..:.i..,....W.P"
1360: 13 d6 bb bb ac 97 ee 5c 00 fc b6 64 d6 ca 1f ff .......\...d....
1370: bd fa 41 4e 8d 47 8a 9c d5 c3 f9 57 a3 92 fe 58 ..AN.G.....W...X
1380: 55 6f e4 ed c4 d3 05 9a e5 3b 3f 66 0a 4e b7 a1 Uo.......;?f.N..
1390: 83 53 23 e9 25 3c 96 eb 90 a1 c5 64 34 f8 9f d5 .S#.%<.....d4...
13a0: cb d2 cd 86 d5 c5 7e ab a6 4d 55 91 cf 0c 03 de ......~..MU.....
13b0: 56 e7 5e 2d 53 0f e7 0f 34 93 67 6d eb a5 bb ca V.^-S...4.gm....
13c0: fe f7 af 14 ae ef f0 bb af 61 98 db 48 b6 02 a5 .........a..H...
13d0: 1d 44 17 54 9d 90 99 7b e3 97 63 11 4e 16 6a da .D.T...{..c.N.j.
13e0: dc ea b9 eb 2e f2 4b 3d 9c 37 15 1d df 81 c4 35 ......K=.7.....5
13f0: 94 5f 1a 55 a1 be 13 a0 b2 35 f5 11 9e 84 c9 e3 ._.U.....5......
1400: 9b 19 eb 77 cc 7c 77 72 17 c9 05 28 aa 4e c8 dc ...w.|wr...(.N..
1410: 0f ab 97 a7 dd 68 be 77 a4 4e 35 a0 ce db 87 9a .....h.w.N5.....
1420: 86 dd ed 1b 4d fa 3e 35 ea 85 ba 2f 64 57 63 69 ....M.>5.../dWci
1430: 16 be c6 60 b8 9d e1 5c b7 d6 76 af cf c2 fb 6d ...`...\..v....m
1440: 6f cc 2c 25 15 a0 e8 75 42 01 2c 3f 2c 7c df fd o.,%...uB.,?,|..
1450: 7a 0f 4f 6d 6e b9 ad 1e ce 2b cf 21 ea d8 22 40 z.Omn....+.!.."@
1460: b9 0f 79 3d 57 e4 c5 e7 d1 1f 04 ec 3f cd 5a 1b ..y=W.......?.Z.
1470: 4b 7e ea ef d3 00 e7 58 7a 93 44 0f 94 7a 23 ae K~.....Xz.D..z#.
1480: 38 77 0a b9 9b 8c 06 26 bf 93 fa 1d fa db e3 43 8w.....&.......C
1490: 9a 86 a7 36 83 4a d4 91 45 ff 04 67 e3 65 e7 d2 ...6.J..E..g.e..
14a0: d7 96 78 55 9f 26 05 bc 67 53 05 a2 a6 92 de 84 ..xU.&..gS......
14b0: a4 4a fd 9d 59 4d ee 8f be 02 a5 1d 3a 16 fd 10 .J..YM......:...
14c0: 40 6c 2c ab 4f 3e b7 d9 37 3d 4f a1 7a 11 ce f5 @l,.O>..7=O.z...
14d0: fb ef eb 33 e0 93 d1 a8 88 6f 04 a8 6c 8c 3d cf ...3.....o..l.=.
14e0: 13 ca ad fa e4 82 90 fb 33 d7 e7 d6 cc 7a 68 65 ........3....zhe
14f0: 8c a2 0e 50 2c d9 a1 30 96 1f 40 9f 3c 3e 96 55 ...P,..0..@.<>.U
1500: 23 f6 ab 5c 50 ab 87 73 d7 87 f2 e0 e9 21 4d fa #..\P..s.....!M.
1510: 50 b4 8c 77 4f 9f 4b f2 a6 3e 8f ff 09 3c 77 cd P..wO.K..>...<w.
1520: ca ef 9e 24 2d b3 45 d3 c8 dd a7 68 03 54 3d 9c ...$-.E....h.T=.
1530: 5f 31 14 13 85 b1 6c a2 f1 f5 01 be f5 39 60 9b _1....l......9`.
1540: 70 a5 ff 7a 38 bf f5 54 e1 d9 75 9b 51 8c 42 e0 p..z8..T..u.Q.B.
1550: b9 c7 a0 87 f0 2c 96 a6 53 ac 3e 4d 15 96 be c7 .....,..S.>M....
1560: dc c4 dd b7 e8 02 94 7a 35 ee b8 8b 43 81 4c fa .......z5...C.L.
1570: 03 b4 73 d5 57 15 d7 f4 8c be 15 2e 3d 2e 91 1d ..s.W.......=...
1580: 58 9c 63 a7 a0 77 cd cd 5f 92 16 1e 87 65 3e a9 X.c..w.._....e>.
1590: 87 f3 2f 09 9d c5 3a d5 32 f4 b8 c4 e5 b8 4d 44 ../...:.2.....MD
15a0: 15 a0 f4 41 7f 47 bf 13 0a 65 55 16 f7 f5 fb e4 ...A.G...eU.....
15b0: fa 1c 7a 3b 3c d7 7d a8 6b 46 94 8f 7e ae 8f 86 ..z;<.}.kF..~...
15c0: 07 01 5f ea 39 72 88 79 3a 16 aa 3c 79 bb 89 d1 .._.9r.y:..<y...
15d0: f5 2c f6 a9 e3 84 a6 2d 44 13 a0 d4 2c 3e a1 df .,.....-D...,>..
15e0: 09 05 b3 fa 00 f3 15 a0 7a 9f fc ab 0f 7b 1f 01 ........z....{..
15f0: ea d0 67 9f 4b 5b ab 67 ab 84 5d 57 39 f0 1e 9e ..g.K[.g..]W9...
1600: 24 d6 fe dd 85 7e 97 bf e6 b6 2b 2e b4 77 31 3c $....~....+..w1<
1610: 09 c2 13 f0 ab c2 62 f4 36 fc d7 d3 e3 98 0d f9 ......b.6.......
1620: ec c0 57 3f c6 8e 3e 77 4c a8 6f 24 78 af 18 3a ..W?..>wL.o$x..:
1630: 33 09 4f 1a 5a 1b db 01 d3 33 dd 34 bc 77 33 d6 3.O.Z....3.4.w3.
1640: 08 4f db eb 3d 40 69 87 c2 03 e1 09 30 e3 2b 28 .O..=@i.....0.+(
1650: f4 de 4c aa fe 14 5f 41 d3 f4 58 0d 1d ff 41 03 ..L..._A..X...A.
1660: 6e bc ac c2 d3 4e 64 e7 dd dd eb 75 ba e0 d4 db n....Nd....u....
1670: c1 bb 39 ea 75 09 8f 83 15 81 74 44 f4 c1 3b f3 ..9.u.....tD..;.
1680: d4 5f 74 68 74 ac 4b db 91 6e 10 e9 87 8a 8b e5 ._tht.K..n......
1690: 20 d8 9b 48 0a 02 f7 1a 39 42 88 37 d2 5b 05 8a  ..H....9B.7.[..
16a0: f0 04 24 25 a6 06 53 5f 17 bd 5d cb 65 bc ea 39 ..$%..S_..].e..9
16b0: 74 1e 19 6e 10 40 77 f7 56 e1 29 92 a5 bb e6 f5 t..n.@w.V.).....
16c0: d5 84 27 5b bd 54 a0 08 4f 40 72 72 0c 50 95 76 ..'[.T..O@rr.P.v
16d0: 49 99 34 93 37 34 da a0 a6 cf 33 0a 6e 09 cb e4 I.4.74....3.n...
16e0: fb dd 3a e8 be 2f ae aa 76 4e 68 0a 27 78 05 8a ..:../..vNh.'x..
16f0: f0 04 24 29 a6 b9 6c 3e 97 c3 82 54 0b d4 67 53 ..$)..l>...T..gS
1700: 53 89 ea d5 89 55 78 92 be 96 ee 9a f9 55 fb 84 S....Ux......U..
1710: a7 b0 82 06 28 1d a8 48 78 02 10 8b 1d dd d4 99 ....(..Hx.......
1720: 23 44 f5 c6 55 4f f7 2d 67 98 69 60 66 1f 37 19 #D..UO.-g.i`f.7.
1730: d7 da 55 d7 db 7c b6 92 05 0b 50 ea 35 b8 2b fd ..U..|....P.5.+.
1740: 0d 07 7a e0 65 f9 4d 37 40 31 f0 fd 3c 82 0d 3b ..z.e.M7@1..<..;
1750: 6c 85 28 86 16 86 31 56 78 32 db b2 af be a7 d0 l.(...1Vx2......
1760: c7 b5 4c f5 ba ce d9 55 d7 9f 20 01 8a 39 4f c0 ..L....U.. ..9O.
1770: 6a da fe 6c c1 d7 19 7b bd 9f 10 60 14 e2 f6 42 j..l...{...`...B
1780: 86 43 5d cc f7 ad 8e ee c1 93 66 59 eb c8 32 60 .C].......fY..2`
1790: e8 da 16 7a 55 e5 52 cb 75 fc fc f4 cc 3c 40 b5 ...zU.R.u....<@.
17a0: 66 62 10 9e 80 e5 ac 02 4a 12 73 93 d6 f4 c9 e8 fb......J.s.....
17b0: 71 83 56 10 dc 45 dd 5d 04 19 b6 69 e2 de 7a c9 q.V..E.]...i..z.
17c0: ae ea e7 da d6 54 9d be 04 fa f7 b0 42 88 0a d4 .....T......B...
17d0: 84 b3 ed 80 5e f9 0a 50 7b da 69 d4 27 ab a6 ef ....^..P{.i.'...
17e0: 83 3e 96 28 35 6c 93 31 07 7e 3c 8d 8c d0 f6 fd .>.(5l.1.~<.....
17f0: 10 4b a4 21 cf 6d bd a6 ea 14 1f d3 00 55 0f e7 .K.!.m.......U..
1800: 37 84 27 60 6d 26 bf 2b 9e 77 e6 84 ee f5 f8 4d 7.'`m&.+.w.....M
1810: cd de 96 01 ae 97 d7 36 19 0d c6 5a d2 63 07 d5 .......6...Z.c..
1820: e6 9a 66 ea 20 e7 35 ea da 16 22 70 37 d3 d2 ad ..f. .5..."p7...
1830: 07 be 62 03 66 01 4a 1f 76 41 76 b7 00 99 b0 5c ..b.f.J.vAv....\
1840: 0a f0 75 71 3e b6 1e 3e f9 1a 2d 97 58 07 9c 5e ..uq>..>..-.X..^
1850: aa 50 95 ce 41 74 95 13 cd a4 a2 1a b5 be 7b 05 .P..At........{.
1860: a7 60 cd d4 da 71 17 e2 da 36 d5 6b 23 58 47 ca .`...q...6.k#XG.
1870: 24 40 f5 d4 58 07 a4 ee a3 e1 f3 f7 79 10 70 1f $@..X.......y.p.
1880: bf db 17 81 8e 43 e9 f5 73 4b 7d 3b ef dd c0 c7 .....C..sK};....
1890: 3e 9f 47 02 da d3 b6 83 ed 68 54 61 20 44 a5 f2 >.G......hTa D..
18a0: 56 4b 76 84 e9 88 79 0f 50 ba 53 64 5c 01 d0 9d VKv...y.P.Sd\...
18b0: 65 65 c7 e7 d2 86 eb 85 ba f2 f8 78 4b e9 a2 75 ee.........xK..u
18c0: 16 e8 9f db 55 85 a1 37 6a 30 3f 51 90 a2 fa f0 ....U..7j0?Q....
18d0: a7 de 8e 29 09 38 04 da 7a e0 27 3c f9 cb f7 1b ...).8..z.'<....
18e0: 59 0f e7 77 11 9c 05 04 a4 ea bd d5 1d 75 3d 9c Y..w.........u=.
18f0: 3f 7a ae e2 9c 04 d8 e9 d4 c7 08 94 85 76 3b 45 ?z...........v;E
1900: 31 ab 49 cb 8a 17 91 4d 83 0f cd fd 9c 7d eb 6b 1.I....M.....}.k
1910: 39 2b 50 78 6a 9a e0 09 cd 89 f0 5a 81 aa 87 f3 9+Pxj......Z....
1920: 33 c2 13 b0 15 cb 2a d4 57 cf 8f 77 a3 df 79 13 3.....*.W..w..y.
1930: 0a 0e 7d cc 8f db 89 a9 05 c1 5d 50 d5 1f 55 17 ..}.......]P..U.
1940: b6 b4 e7 02 c5 a5 6e 2a 4e 0a 08 4f 1c fe 9b 18 ......n*N..O....
1950: 6f 15 28 dd 29 3e 94 f2 c6 01 46 ae ad 76 dc 68 o.(.)>....F..v.h
1960: 79 fd 6f 83 87 be d5 21 a6 de fa 35 14 cc 82 2d y.o....!...5...-
1970: 13 be c1 bd a6 e8 e6 34 69 94 c4 b1 e6 72 f5 3d .......4i....r.=
1980: 56 c2 c2 58 d5 a6 20 3b ea 96 09 14 9e a6 aa 3c V..X.. ;.......<
1990: 31 9d 3e 31 3e 03 d4 03 23 0b 80 ad 4d 35 60 d1 1.>1>...#...M5`.
19a0: 84 b6 5f 5b ec 20 9a 69 49 6f ab 3b 68 dd 88 5d .._[. .iIo.;h..]
19b0: 45 b2 5c d5 54 05 a2 9d bd a3 63 44 3e a9 f2 9f E.\.T.....cD>...
19c0: f2 b0 62 17 96 be bb af b1 34 4e 07 0a f1 53 fd ..b......4N...S.
19d0: 8c d1 2c 9e 20 2f 01 4a 4d 97 bd cd 87 01 32 63 ..,. /.JM.....2c
19e0: d9 07 e5 2a 16 8f 86 6f d7 bd aa 07 9d 96 9a b4 ...*...o........
19f0: 5c f7 39 c2 d1 27 c9 5c e0 12 0b 53 0b 85 a6 1f \.9..'.\...S....
1a00: 31 85 a6 86 e1 8d 46 1b e1 29 71 5b 07 28 96 ee 1.....F..)q[.(..
1a10: 00 ef 4c 97 8e b4 83 ce 7a 57 5b fb 02 39 53 65 ..L.....zW[..9Se
1a20: ed f7 85 42 81 c9 85 b9 0f ba e0 c7 bc 14 75 9b ...B..........u.
1a30: da ae 28 7d 2e 1f 68 34 c6 41 04 81 6a a6 c0 e0 ..(}..h4.A..j...
1a40: 7e 1e ee 63 ad ea b5 8e 67 b1 ee e5 25 3c 65 c0 ~..c....g...%<e.
1a50: 47 80 62 e9 0e f0 ab 69 1a 36 a1 8b c4 23 e7 53 G.b....i.6...#.S
1a60: 76 62 be e3 d0 92 2a 8f 7b fa f3 41 81 d5 ea 73 vb....*.{..A...s
1a70: fb 5e 01 fa a7 fe 3e 4d a4 82 b7 1b e8 78 16 c2 .^....>M.....x..
1a80: 53 26 b6 0a 50 2c dd 01 66 cc 96 f1 aa e7 e5 1e S&..P,..f.......
1a90: e6 b5 75 93 dd 2e 29 85 e9 26 30 ec bd 08 d5 ff ..u...)..&0.....
1aa0: 7d 11 26 9a 50 d4 36 6b ce 5a 4c f9 bd 09 38 2e }.&.P.6k.ZL...8.
1ab0: 83 f0 94 91 8d 03 94 d2 fa 03 77 b1 80 09 f3 1d ..........w.....
1ac0: 60 cc 6c eb 2c fa a6 72 74 17 70 c7 27 3f 3f 99 `.l.,..rt.p.'??.
1ad0: d9 66 0e d4 15 e1 09 30 73 1a e0 ad 3d 69 aa 07 .f.....0s...=i..
1ae0: 58 8b fb bc 9b e8 e6 11 89 73 d5 37 dd 44 10 9e X........s.7.D..
1af0: b0 91 8d 02 94 1a 40 b9 73 05 ec ec 5a 1f 6c ab ......@.s...Z.l.
1b00: 65 84 23 0e af ed e4 e9 a8 2a 2d 7d 21 51 fa dd e.#......*-}!Q..
1b10: 7a 08 78 1d 3b 21 3c e5 67 d3 0a 54 df 03 ee 80 z.x.;!<.g..T....
1b20: 12 98 57 a1 f4 a1 ce b9 5b dd ec a9 12 45 88 4a ..W.....[....E.J
1b30: 90 7a 77 27 01 77 7e 9e c7 30 14 14 fe 75 ee 81 .zw'.w~..0...u..
1b40: 0a 78 a0 22 00 e3 66 f2 06 bf d7 1b 99 52 59 48 .x."..f......RYH
1b50: 87 1a c5 6f 02 ef 1a 4f 6e 04 06 d6 d7 a9 02 a5 ...o...On.......
1b60: 3b 2e 76 dd 01 e1 04 f9 7d d3 16 7d 3e e8 bb 69 ;.v.....}..}>..i
1b70: 2a 51 8c 71 89 98 7a 9d ae b4 64 17 f2 7b e5 82 *Q.q..z...d..{..
1b80: b5 c9 b1 4c 88 43 d7 25 bc b3 4c cf 5e 02 62 75 ...L.C.%..L.^.bu
1b90: 1c aa 69 59 21 8a 9e a8 6e 9a c6 f2 18 8e 9e c1 ..iY!...n.......
1ba0: 0b 1a d7 f1 10 60 70 ec 4b 0b 9d 6f c7 ef 52 c6 .....`p.K..o..R.
1bb0: d6 0e 50 aa 3e 85 d8 19 04 e0 4f c1 7a 0e d5 ab ..P.>.....O.z...
1bc0: 51 b3 3b af 93 26 44 85 be 48 e3 0d ae 2a 58 0f Q.;..&D..H...*X.
1bd0: e7 13 cd 3a eb e3 a6 ff 84 c3 81 f3 b7 76 0f 14 ...:.........v..
1be0: 43 33 81 5e 05 1d e2 18 f0 48 8b dc dc aa 69 98 C3.^.....H....i.
1bf0: ca 43 0f 54 ad bd e8 f9 4c 45 fa 9e 0a b1 56 80 .C.T....LE....V.
1c00: e2 e8 07 a0 77 ee 38 8c fd d0 4f 42 4b 20 37 fc ....w.8...OBK 7.
1c10: ee 77 42 73 79 60 ba 46 9d 45 70 93 ef aa 4e fb .wBsy`.F.Ep...N.
1c20: 04 e8 32 ac bb 84 97 c2 e9 de 40 ce f6 54 05 0e ..2.......@..T..
1c30: 4a 4b 7a ef 55 59 c1 7a 9e 0e 58 67 49 cf 9e ab JKz.UY.z..XgI...
1c40: 38 e9 f7 e2 31 92 15 92 13 c2 53 39 d6 ad 40 3d 8...1.....S9..@=
1c50: d2 3c 0e f4 6e a1 bb db 5e 7a 2b 22 59 1e 49 cd .<..n...^z+"Y.I.
1c60: 3d fd 30 fe 45 fa b3 78 3d 19 0d 82 ec ba 6b ed =.0.E..x=.....k.
1c70: 88 ff 9e db f9 8c 29 59 19 a0 98 0f 03 44 e5 7e ......)Y.....D.~
1c80: 32 1a d4 7d 3e 21 5d bc 4e 75 f1 a2 32 bd 9e cb 2..}>!].Nu..2...
1c90: c9 68 10 bc 82 98 1b 2d 29 bb 9f bd d8 76 3d 06 .h.....-)....v=.
1ca0: 5b ba 53 78 9a b4 46 32 dc eb e7 8b 20 15 d8 3a [.Sx..F2.... ..:
1cb0: 01 6a 12 e1 0f 2b 50 b2 68 2e c6 ba a0 7d d2 67 .j...+P.h....}.g
1cc0: 04 55 ea e5 66 4c a5 ee 4e 81 dd 85 f5 cf 11 ff .U..fL..N.......
1cd0: 8c 05 d9 e4 f1 4a 78 6a 1b eb e7 8b 6a 67 20 4b .....Jxj....jg K
1ce0: 03 94 06 c4 3d e4 f4 82 81 4c 04 dd 95 b7 0e 7d ....=....L.....}
1cf0: 5e b8 3f 1f f4 75 6f cd 0a d5 74 8d d9 53 39 dd ^.?..uo...t..S9.
1d00: c4 51 31 58 41 41 e1 50 a1 29 f6 ef fd 78 32 1a .Q1XAA.P.)...x2.
1d10: 1c 85 f8 87 ea e1 7c 9d 61 a0 d7 fa f9 a2 17 cb ......|.a.......
1d20: d8 aa 00 75 43 bf 03 10 a5 85 8e 79 49 e2 43 f2 ...uC......yI.C.
1d30: 95 41 93 d3 4d 9e bb 2e ac 4d 30 73 5f 07 ad b0 .A..M....M0s_...
1d40: 96 1a 82 54 8b 2a 4d 2e 34 7d 4c 68 7c 46 b0 be ...T.*M.4}Lh|F..
1d50: c4 8e d7 e3 85 7e b6 ae 8d 9f 56 d1 de 0c 50 8c .....~....V...P.
1d60: 2e 00 a2 37 55 25 8a 3b cd e7 90 b6 a7 0b f0 41 ...7U%.;.......A
1d70: 42 9f 5d 2e 40 7d d3 24 f8 a2 e8 7b d6 2c 01 a7 B.].@}.$...{.,..
1d80: 18 82 83 2c a7 eb 28 9a 4d 76 75 de 6b 59 8f 91 ...,..(.Mvu.kY..
1d90: 1a 06 96 05 28 9a c7 81 f8 31 b4 ef 0d 5a 52 fc ....(....1...ZR.
1da0: ac 6a 46 0a fd 59 ae 8a f1 4d df d3 ec fa 58 54 .jF..Y...M....XT
1db0: 61 6a 02 ee 5e 06 cb b2 41 aa c0 9e ae c5 6c 62 aj..^...A.....lb
1dc0: 30 b0 2c 40 d1 3c 0e a4 81 10 b5 42 82 61 6a aa 0.,@.<.....B.aj.
1dd0: 30 35 4e 2d 4c b5 96 59 77 f5 e7 63 87 7e b8 94 05N-L..Yw..c.~..
1de0: 9c 58 57 0d 3d f7 21 4f 75 3e 1f 4d e6 9e bc 1a .XW.=.!Ou>.M....
1df0: a0 74 a7 f0 98 e2 0b 02 0a 45 88 5a 93 76 0e 7e .t.......E.Z.v.~
1e00: 4e a8 cf c6 5d f8 be 2b 4c f5 be 14 a3 8b fa 4e N...]..+L......N
1e10: 2b 20 0d 5a a1 b4 94 9b ee d9 64 34 78 6f f9 0f + .Z......d4xo..
1e20: 18 b5 d1 2c 14 fc d8 09 ea c1 5b 01 ea 2c e4 01 ...,......[..,..
1e30: a6 00 bc 20 44 75 90 e8 3c ab 85 fa 5a 7e ea eb ... Du..<...Z~..
1e40: 46 cd f8 eb 6a ed ac fc 98 70 b3 be 85 10 d5 27 F...j....p.....'
1e50: cb 55 a0 60 43 3f 73 f6 56 80 5a 67 ab 24 80 f8 .U.`C?s.V.Zg.$..
1e60: 10 a2 3a 6a 9d a3 76 9a e8 32 d3 42 55 2a f7 e7 ..:j..v..2.BU*..
1e70: 9f 17 63 21 96 06 ac 56 35 a9 6a 5d ac 3f b6 76 ..c!...V5.j].?.v
1e80: 39 e2 df 42 54 9f 42 14 31 d8 84 b2 a5 7f 05 28 9..BT.B.1......(
1e90: 96 ef 80 e4 11 a2 36 10 d1 81 b4 88 9b 69 f5 29 ......6......i.)
1ea0: f0 fc c5 85 42 14 bb f4 36 f0 da 61 c2 a9 f4 05 ....B...6..a....
1eb0: 00 78 dd b1 2b ff 2b 10 60 4d ee 4e 5c 3b 95 de .x..+.+.`M.N\;..
1ec0: 6b aa 33 f0 d2 22 c0 b8 89 90 bb df 9f 26 9b ab k.3..".......&..
1ed0: 2f 10 1d bd 16 a0 3e f1 26 02 c9 3b d0 07 23 cb /.....>.&..;..#.
1ee0: 30 1d b9 5d 4a 9a 2c 5d 6b b4 00 d0 f8 6a f9 4e 0..]J.,]k....j.N
1ef0: 68 e9 2e f4 ef ac 0b 51 77 1a 97 80 0e fe 08 50 h......Qw......P
1f00: ba 63 65 74 01 90 87 3d 85 28 3e 18 37 a0 09 e1 .cet...=.(>.7...
1f10: fb 3a 1a 03 a8 2c 7f 16 d4 3e d3 e7 f2 f1 0d 9f .:...,...>......
1f20: 15 dd bc ac 40 11 9e 80 bc ec e8 83 f1 86 25 bd ....@.........%.
1f30: ee b4 ac 77 4e 35 0a ea 2d b4 6c b8 be 8a 60 13 ...wN5..-.l...`.
1f40: 03 21 aa 83 97 01 8a e5 3b 20 4f ee 43 f1 e1 95 .!......; O.C...
1f50: 33 e9 b0 86 56 35 8a de a8 72 7d b3 7a e5 fa bd 3...V5...r}.z...
1f60: 8c a5 0f 89 10 b5 26 2a 50 40 39 76 b5 a4 47 35 ......&*P@9v..G5
1f70: 6a 03 aa 46 b9 de 28 e6 e7 94 67 66 7c e8 73 6c j..F..(...gf|.sl
1f80: 3b 3f 09 51 6b f8 1d a0 b4 fe 9a c2 11 07 00 b6 ;?.Qk...........
1f90: e3 3e 18 1f eb e1 9c b3 b1 36 a0 13 ee eb d6 ac .>.......6......
1fa0: 25 e4 cf ac 79 5c 3b e0 62 2c 5e 10 a2 56 68 57 %...y\;.b,^..VhW
1fb0: a0 a8 3e 01 e5 70 15 a8 8b 7a 38 7f e4 43 b2 3b ..>..p...z8..C.;
1fc0: 55 23 6a 0d 23 44 fe 2c 97 6e 63 3e f5 e3 86 65 U#j.#D.,.nc>...e
1fd0: ff b7 b5 03 d4 87 d8 9e 1c 00 73 bb fa 90 24 48 ..........s...$H
1fe0: 75 a4 e1 83 84 a8 fc 4d ad 0e e0 55 f5 29 f6 95 u......M...U.)..
1ff0: 9f 3b c6 a1 bc 8e 0a 14 80 aa 15 a4 fe 76 4b 7b .;...........vK{
2000: 5a d2 c7 0a da 95 45 88 ca 9b 59 f3 b8 8e 0f 8a Z.....E...Y.....
2010: 5d 33 27 8a be c9 17 da 01 8a 84 09 60 47 0d ad ]3'.........`G..
2020: ae 22 f5 34 5c 8f 0f ce e5 08 51 d9 33 59 be d3 .".4\.....Q.3Y..
2030: d2 58 2a 85 0b 77 43 75 17 c1 f3 88 ca d3 59 78 .X*..wCu......Yx
2040: fa 46 4e 4a 7f 33 00 bc 6a a1 93 ff bf bb 8b 09 .FNJ.3..j.......
2050: 87 8f be 4e 41 73 c2 cd 68 56 dc f2 dd be c5 0b ...NAs..hV......
2060: 72 bb 61 b5 a1 23 25 d7 9a 8b 56 bc aa 15 a0 8e r.a..#%...V.....
2070: 03 9f bf 03 20 5d 53 05 aa 9f ee ab 55 7f 48 8a .... ]S.....U.H.
2080: 08 51 d9 31 09 0c fa 39 f9 3b d1 37 eb 68 32 1a .Q.1...9.;.7.h2.
2090: 14 3f 0f cd f9 8f be d2 40 0e 60 5d 7b ed 80 50 .?......@.`]{..P
20a0: 0f e7 95 02 95 0b 52 73 7d 6d 42 d5 e2 b5 93 de ......Rs}mB.....
20b0: d5 94 da 2c 0d 2e 1b a1 b2 68 2d 8d 4d 63 af 7e ...,.....h-.Mc.~
20c0: b9 e7 57 0f e7 b5 4e d3 2f a1 17 b4 74 1c 00 00 ..W...N./...t...
20d0: 0f 9d 49 44 41 54 8f 6c da fa 1e fd f3 ca ff fd ..IDAT.l........
20e0: a3 be cf a9 06 ca ef 46 8f 9b f2 86 0d d7 2b 69 .......F......+i
20f0: d6 58 9f 92 a6 02 35 a1 89 1c 40 02 9a 8b b5 fb .X....5...@.....
2100: f3 43 15 b0 e8 42 95 02 e2 24 82 a3 39 7c 1b b7 .C...B...$..9|..
2110: de f7 4e 3d 5f 7a 4f 0e 14 aa 0e 12 78 6f 5c f8 ..N=_zO.....xo\.
2120: ff 9f c5 03 d7 c3 f9 43 e2 55 4a f7 fd af 23 78 .......C.UJ...#x
2130: 1e bd 6a 02 d4 df 19 fe a2 03 28 c3 54 3b a5 c6 ..j.......(.T;..
2140: 31 dd 15 6b 8b 7a 0e 8d b7 f7 ad f7 d7 5b 58 d5 1..k.z.......[X.
2150: fb f3 39 a2 23 4c 5e 1a 6b f2 bc 57 da e1 fa 18 ..9.#L^.k..W....
2160: cd ab dc dc b9 86 ca 16 ab 09 50 ff 57 f2 9b 00 ..........P.W...
2170: 20 1b 53 4d 8d 8e a2 d9 5d d3 de 63 3b a6 63 5d  .SM....]..c;.c]
2180: b7 55 55 5d 5a 87 52 05 8a 8b 08 97 b5 dc 6b f7 .UU]Z.R.......k.
2190: 3e ad bf 1e ce cf 22 1f 9e b9 2e f7 fb b5 5f f2 >....."......._.
21a0: 52 de 5f ec c0 03 90 a1 85 82 d4 6d df 1f f0 09 R._........m....
21b0: b6 48 8c 55 5d 08 fa be 45 18 a4 6a 8b f3 ef 32 .H.U]...E..j...2
21c0: 58 be 6b 2b 7a 29 8f 00 05 20 77 97 da 4d d5 4b X.k+z)... w..M.K
21d0: 45 4a 3b ae 1e 13 68 93 70 81 e9 c4 f8 d0 dc 95 EJ;...h.p.......
21e0: 74 4d ba e9 bb 09 7f 32 1a fc e5 fb 31 33 5a be tM.....2....13Z.
21f0: 6b 73 3f 33 b7 f1 3c 9d 70 de d1 3c 0e 20 73 cd ks?3..<.p..<. s.
2200: 60 d0 b3 3e 5e a6 82 db 49 e4 6f f1 58 cb 31 bd `..>^...I.o.X.1.
2210: 86 a7 ea f9 9c c1 7d 2d 21 f6 c5 6a 28 6a 8e d7 ......}-!..j(j..
2220: db ab 52 87 ed be 5b e3 7f 03 00 a9 db d1 07 fd ..R...[.........
2230: 43 1f e7 7a 69 6e 4e ac b3 73 dc 72 dd 51 4c bb C..zinN..s.r.QL.
2240: 19 dd 73 99 8c 06 27 3d 06 4f ab 00 f5 d1 e8 71 ..s...'=.O.....q
2250: fb e4 7e b7 7a b9 39 e9 db 3b 66 40 01 28 88 0b ..~.z.9..;f@.(..
2260: 4f 0f 3d 55 a3 4e d4 9b 15 8b 85 96 5f a2 dd 49 O.=U.N......_..I
2270: a5 a5 a1 fd 1e de b7 b9 d1 e3 e6 ba e2 73 51 e2 .............sQ.
2280: f9 99 ef 18 5f 00 a0 40 57 3a eb 2f d8 e7 9f 2a ...._..@W:./...*
2290: 3c b1 1c 83 b1 50 93 74 f4 bd 2b 9a 37 55 07 0e <....P.t..+.7U..
22a0: 51 16 cd e3 cb 06 c6 e6 20 d5 dd a6 1b 63 09 0f Q....... ....c..
22b0: 40 a9 dc fc a1 49 c8 3b 67 05 96 de fb 8c 74 1c @....I.;g.....t.
22c0: 47 32 87 1f f7 10 a2 2c 76 20 e6 7e bc cf 71 69 G2.....,v .~..qi
22d0: 55 a8 77 9c d9 04 a0 60 cd 92 5e c8 cf c1 cb 9e U.w....`..^.....
22e0: df ee de 77 da 6d 42 21 2a 48 4f 94 d1 08 87 12 ...w.mB!*HO.....
22f0: ae b5 45 55 a1 58 c2 03 50 ba 1d 55 a2 82 5c e0 ..EU.X..P..U..\.
2300: 14 5e fa 0a 30 d7 29 6f 39 57 33 be 75 00 a5 81 .^..0.)o9W3.u...
2310: 7c 73 45 55 a1 58 c2 03 80 c0 21 aa a7 dd 65 ee |sEU.X....!...e.
2320: 00 d8 58 7a b0 36 a6 e9 e0 96 01 d4 6a 99 b0 94 ..Xz.6......j...
2330: 60 51 4c 15 8a 00 05 00 bf 04 0b 51 5a 22 0a 3d `QL........QZ".=
2340: d6 20 f6 59 54 5d 58 ee 68 b4 aa 40 95 12 a0 8e . .YT]X.h..@....
2350: 4b 99 0b 45 80 02 80 67 ee 83 ff 26 d0 05 e0 6b K..E...g...&...k
2360: c0 f7 fd 32 a5 a6 f1 55 14 40 ad de bf 7f 7c 3f ...2...U.@....|?
2370: 60 1f b3 c7 7a 56 c4 5c 28 02 14 00 fc 69 4f 47 `...zV.\(....iOG
2380: 89 98 0a d8 0b e5 2a 35 d9 9d 9a af a5 bc 54 0e ......*5......T.
2390: b2 2d ad d7 f8 73 04 cf c1 1c 01 0a 00 fe ed 30 .-...s.........0
23a0: d0 b0 cd 6f 01 fe 8d af 31 4d 19 f7 cc a2 a1 dc ...o....1M......
23b0: 22 d4 96 36 64 72 b7 1e ce 0f 23 78 1e a6 08 50 "..6dr....#x...P
23c0: 00 f0 ba 2b eb a5 17 ed 88 b3 0c 37 59 56 9f 1a ...+.......7YV..
23d0: 7a ff 52 a8 42 15 37 a5 bb aa aa 4f 11 3c 07 53 z.R.B.7....O.<.S
23e0: 04 28 00 78 9b f9 52 9e f1 a1 b9 b7 19 57 9f 1a .(.x..R......W..
23f0: 21 aa 78 e8 2e fb 66 72 02 14 00 bc 6d 2f c0 52 !.x...fr....m/.R
2400: 9e 65 00 28 21 5c 24 3b d7 aa 00 59 2f e3 11 a0 .e.(!\$;...Y/...
2410: 00 60 b9 0b cb 3b 69 ed 8e b3 58 86 9a e5 b4 f3 .`...;i...X.....
2420: ee 2d da 91 17 fb eb fc 6f 04 cf a1 0f 59 2f e3 .-......o....Y/.
2430: 11 a0 00 60 b9 9d 00 c3 01 2d 66 42 85 9e 33 d5 ...`.....-fB..3.
2440: a7 d8 2b 6d a5 1e 99 76 98 f3 32 1e 01 0a 00 56 ..+m...v..2....V
2450: 3b 33 3e a2 c2 22 00 7c 37 78 cc 58 f9 dc 39 97 ;3>..".|7x.X..9.
2460: 7d d5 2e b0 6c 97 f1 08 50 00 b0 9e 63 ab f7 49 }...l...P...c..I
2470: 4b 6d be 9b bd 8b 09 02 9e 97 2a 4b dc 31 67 29 Km........*K.1g)
2480: db 33 00 df 19 6f a1 05 80 5c 9c 1a 2f 47 f8 5c .3...o...\../G.\
2490: 72 9b 15 b0 fb ee 25 5f 55 28 8b ef 71 2a 03 3f r.....%_U(..q*.?
24a0: 2d 64 5d 81 a2 5c 09 00 ab ed 18 5f 0c 7e 78 7c -d]..\....._.~x|
24b0: ac 12 2f d8 31 bf e6 79 04 cf a1 2f 3b b9 1e 65 ../.1..y.../;..e
24c0: c3 12 1e 00 ac cf f2 88 0a 9f 37 b3 25 de 18 97 ..........7.%...
24d0: 1c 52 62 77 90 e3 8b 22 40 01 c0 fa 0e ac 9a c9 .Rbw..."@.......
24e0: 3d f7 41 79 3f 10 17 d8 c2 87 1c df bc 77 9e cb =.Ay?........w..
24f0: c6 00 90 3b cb bb 69 5a 2a 90 23 2a 50 00 00 d3 ...;..iZ*.#*P...
2500: e1 80 04 a8 cd 95 dc a8 1d bb dd 1c e7 41 d1 44 .............A.D
2510: 0e 00 dd 58 de 4d d3 c7 b3 39 c6 0f c4 2d bb 46 ...X.M...9...-.F
2520: 72 c6 18 00 40 37 96 bb 8a b8 a1 45 ae b2 0c 50 r...@7.....E...P
2530: fc c2 02 40 37 56 17 03 5f cb 50 59 36 ed 22 69 ...@7V.._.PY6."i
2540: 83 dc be 7d ef 34 6c 8d 2a 14 00 ac cf 6a 27 9e ...}.4l.*....j'.
2550: af 00 95 ed f9 63 4b 78 99 78 3d 19 0d 7c 1e 0b .....cKx.x=..|..
2560: d3 20 d0 66 5a 81 aa a8 42 01 40 27 96 c7 53 f8 . .fZ...B.@'..S.
2570: b8 a1 cd 72 d7 d3 0a 31 f7 40 95 18 68 5f ca ae ...r...1.@..h_..
2580: 47 ad 09 50 ec 5e 00 80 38 78 b9 a1 35 3e fc 38 G..P.^..8x..5>.8
2590: 2a da e1 e5 e3 f5 72 2d b4 93 6d 80 fa d9 f3 f3 *.....r-..m.....
25a0: 00 80 94 58 2e 47 f8 ba 88 97 54 85 f2 f5 5a ad ...X.G....T...Z.
25b0: 02 54 96 47 99 74 95 5b a8 67 09 0f 00 ba b3 5c .T.G.t.[.g.....\
25c0: 92 f1 35 ca c0 72 5e 55 6c 7c bd 56 ab c1 d2 2c ..5..r^Ul|.V...,
25d0: e1 fd 92 5f 80 32 6a 9a 03 80 6c 19 8e 32 f0 f5 ..._.2j...l..2..
25e0: 79 4c 05 aa 3b ef 15 a8 5c 0f d2 c5 9f 93 c8 a9 yL..;...\.......
25f0: 42 01 c0 fa ac aa 0a be 3e 8b dd bc aa 63 4f 8f B.......>....cO.
2600: 15 ad 7a 38 3f f4 58 d9 b0 28 26 50 7d 7a 96 d5 ..z8?.X..(&P}z..
2610: 7b 41 80 02 80 cd 98 54 78 34 5a c6 d7 e7 f1 67 {A.....Tx4Z....g
2620: 4f 8f 13 33 5f cb 77 0b 8f 63 24 da 4a dc 11 f9 O..3_.w..c$.J...
2630: 96 ac aa 71 ed 00 c5 a1 c2 00 b0 3e cb c1 80 de ...q.......>....
2640: 96 f1 72 5e 42 52 53 b2 af 2a db d8 d3 e3 bc 94 ..r^BRS..*......
2650: dd 00 49 fc d2 0e 50 f4 41 01 c0 fa 2c 83 89 cf ..I...P.A...,...
2660: 1b da 0b 8f 8f 15 1b 9f af cd aa 88 40 0f 54 a6 ............@.T.
2670: 7e 07 28 95 2e 99 81 01 00 eb 31 bb 30 4e 46 83 ~.(.......1.0NF.
2680: b1 c7 13 22 0e eb e1 3c bb 65 24 cf d5 a7 ca b0 ..."...<.e$.....
2690: 02 45 80 ca d4 bb 17 2f 8b 2a 14 00 ac c9 38 98 .E...../.*....8.
26a0: f8 bc a0 5f 79 7c ac 58 dc 78 7c 1e 63 f5 9e 79 ..._y|.X.x|.c..y
26b0: 95 63 70 c5 b3 97 01 8a 3e 28 00 58 9f e5 05 f2 .cp.....>(.X....
26c0: bb c7 c7 da ab 87 f3 33 8f 8f d7 2b bd 16 9f ef .......3...+....
26d0: bd cf f7 ba 8d 00 95 b1 97 01 ca aa 84 09 00 39 ...............9
26e0: 32 3b 13 4f cb 78 3e db 2a ae 72 68 28 d7 d2 9d 2;.O.x>.*.rh(...
26f0: cf de 27 b7 fb ee d6 e3 e3 b5 59 9e 99 88 9e fd ..'.......Y.....
2700: 11 a0 3c 6f 9f 05 80 dc 59 57 18 be 79 7e bc 1b ..<o....YW..y~..
2710: 9d 1b 97 24 3d f7 3b cf f3 84 4c c2 93 9e 2b 15 ...$=.;...L...+.
2720: a8 8c bd ac 40 55 86 a5 4c 00 c8 8e 06 39 5a b9 ....@U..L....9Z.
2730: f6 d8 4c 5e a9 a1 f9 2e e1 ef c1 95 41 53 f6 57 ..L^........AS.W
2740: cf 8f d7 20 3c 65 ee b5 00 c5 32 1e 00 ac cf ec ... <e....2.....
2750: cc 39 ad 0a f8 ae 90 b8 d9 50 3e 1b b0 83 d0 73 .9.......P>....s
2760: f6 3d 59 fd d6 68 78 66 55 d8 59 84 eb ca 6a a7 .=Y..hxfU.Y...j.
2770: ff bf 02 d4 64 34 98 32 ce 00 00 d6 66 59 81 72 ....d4.2....fY.r
2780: 2e 3d 57 a1 9c e3 94 42 94 51 78 aa f4 de 5a b1 .=W....B.Qx...Z.
2790: fe b9 48 51 de 01 4a a8 42 01 c0 7a 76 2c 97 f1 ..HQ..J.B..zv,..
27a0: 54 85 b2 58 66 72 21 ea 2e f6 9e 28 c3 f0 64 56 T..Xfr!....(..dV
27b0: 7d d2 cf 03 67 e0 65 ee ad 00 e5 bb 71 11 00 72 }...g.e.....q..r
27c0: 66 bd 5c e3 bb 17 aa e1 2e f4 93 18 77 e7 b9 dd f.\.........w...
27d0: 76 f5 70 fe 60 14 9e dc 7b 79 6e f0 b8 0d 96 ef v.p.`...{yn.....
27e0: 5e 67 f1 33 dc 9b 57 03 94 96 f1 d8 8d 07 00 eb ^g.3..W.........
27f0: 39 b4 ac e4 a8 0a 65 75 c1 df 53 88 8a 66 4e 94 9.....eu..S..fN.
2800: 2a 38 0f 86 53 bc 2f 2d 06 67 56 cf bb ef 2c 42 *8..S./-.gV...,B
2810: 5f f2 94 2d b2 f1 56 05 aa a2 0a 05 00 6b db b1 _..-..V......k..
2820: ee 79 d1 ac 22 ab d3 22 76 34 27 6a a2 39 4b bd .y..".."v4'j.9K.
2830: 50 d5 e9 ce 60 54 41 db 74 32 1a 5c 1b be 3e c2 P...`TA.t2.\..>.
2840: d3 eb b2 aa 3e 55 2b 02 94 d5 60 31 00 c8 d1 e7 ....>U+...`1....
2850: 00 af e9 c4 f8 42 e4 b6 de 3f d6 c3 f9 55 c8 de .....B...?...U..
2860: 28 f7 6f d5 c3 f9 17 55 9d 2c 83 e8 42 ef a1 a5 (.o....U.,..B...
2870: 53 e3 c7 4f 55 76 ab 5a 6f 06 28 a3 ed b3 00 90 S..OUv.Zo.(.....
2880: ab 03 eb 5e 22 35 3d 5b 07 00 e7 4c 41 ea c6 b2 ...^"5=[...LA...
2890: 22 a5 8a 93 9b ed f4 a8 e9 e2 d6 a1 ed d2 72 19 ".............r.
28a0: 49 67 df f5 56 c1 8b 5c 76 bb fb ff b3 e2 ff fe Ig..V..\v.......
28b0: 8d 72 24 00 ac ed d4 3a e0 b8 23 5e ea e1 fc 36 .r$....:..#^...6
28c0: c0 67 73 d3 cb e3 76 eb 4d 75 3d 18 6f bb 73 4d .gs...v.Mu=.o.sM
28d0: 81 ec 40 15 bb 90 c3 26 c7 c6 4b 77 95 e7 23 66 ..@....&..Kw..#f
28e0: 72 33 cf ed 05 fd b5 ea 7f 50 0f e7 8f 24 6a 00 r3.......P...$j.
28f0: 58 db 7b c3 e1 8c bf 69 87 5a 1f bb e7 66 ea c5 X.{....i.Z...f..
2900: fa a9 65 99 d9 5b af 57 61 69 57 cf f3 83 be f6 ..e..[.WaiW.....
2910: f1 9c dd f3 ac ad 1a c7 ab e7 ea d3 c4 ea f1 33 ...............3
2920: e0 de 7f ab 1e be 5e ac aa 40 55 1a 34 96 dc d4 ......^..@U.4...
2930: 5a 00 e8 c9 45 a0 65 b6 5a 3d 43 a1 6f 70 77 5f Z...E.e.Z=C.opw_
2940: 56 bf ea 61 d4 c5 05 17 9a 8e 2c c3 93 d0 fb b4 V..a......,.....
2950: 5c 76 4b 78 2b 2b 50 d5 af 5f 8e bf 19 0a 06 00 \vKx++P.._......
2960: 6b 0b 55 85 da 53 d5 83 cf e7 d7 2d 54 f9 30 6d k.U..S.....-T.0m
2970: 60 a6 fa b4 d2 62 32 1a fc 2f f2 e7 d8 d9 b2 5d `....b2../.....]
2980: 78 6d 56 87 2d 02 40 8e 82 f4 c2 28 18 d4 39 6e xmV.-.@....(..9n
2990: 11 f7 20 48 78 12 7a 9f 96 cb 6a e9 ae b1 6e 80 .. Hx.z...j...n.
29a0: b2 9a 82 0b 00 39 3a 0e 35 dd 9b 10 f5 aa 60 e1 .....9:.5.....`.
29b0: 49 d5 a7 90 cd f0 29 fa 99 e3 8b 5a 2b 40 19 9e I.....)....Z+@..
29c0: c5 04 00 b9 ba 0a f5 ba 08 51 7f 08 59 79 aa e8 .........Q..Yy..
29d0: 11 5e 4b d1 15 a8 8a 2a 14 00 74 e2 e6 42 05 1b .^K....*..t..B..
29e0: 03 d3 0a 51 25 1f c3 35 0b 19 9e 34 fc 93 5d ea ...Q%..5...4..].
29f0: cb 2d 72 db 7d d7 58 3b 40 51 85 02 80 ce 82 4e .-r.}.X;@Q.....N
2a00: f4 6e 85 a8 2c 2f 58 2b b8 d7 be 1f 30 3c ed b2 .n..,/X+....0<..
2a10: f3 6e 2d d9 fe 2c 76 a9 40 55 54 a1 00 a0 93 9d .n-..,v.@UT.....
2a20: d0 0d c6 ee 66 77 32 1a d4 1a 41 53 8a eb c9 68 ....fw2...AS...h
2a30: b0 1f 60 54 41 db 0d bb 1f d7 f2 23 81 e7 b8 91 ..`TA......#....
2a40: 4e 01 8a 2a 14 00 74 76 a6 46 e3 a0 26 a3 c1 17 N..*..tv.F..&...
2a50: 55 a3 b2 9b bf d3 d2 cc 78 3a 0f f9 8f d6 c3 f9 U.......x:......
2a60: 19 8d e3 6b 1b 27 f2 3c 3b eb 5a 81 aa 54 85 ca ...k.'.<;.Z..T..
2a70: f9 17 12 00 7c bb 0b b9 94 d7 50 ef c9 be 3e b7 ....|.....P...>.
2a80: 73 33 d6 bc ad a0 17 68 2d dd 31 b6 60 3d d3 10 s3.....h-.1.`=..
2a90: f3 d0 fa d2 39 40 a9 0a 55 52 69 18 00 b6 b5 d3 ....9@..URi.....
2aa0: d7 6e 2d 2d e9 9d 67 d4 1b d5 34 8a 87 98 2e fe .n--..g...4.....
2ab0: 9a 3b 96 ee d6 f6 2d 86 27 61 65 ad 49 e4 af a9 .;....-.'ae.I...
2ac0: 87 f3 09 25 4c 00 e8 e4 3c c0 81 b6 4b 69 67 e0 ...%L...<...Kig.
2ad0: 45 82 bb c7 5c 70 ba 9c 8c 06 b7 7d 3d 81 7a 38 E...\p.....}=.z8
2ae0: 77 a3 29 ce fa fa f7 13 14 64 22 7f 5f b6 09 50 w.)......d"._..P
2af0: 7b 3a 87 09 00 b0 be 60 3b c5 96 49 28 48 f5 1e {:.....`;..I(H..
2b00: 9c aa e7 f7 8b 99 4f eb bb d7 66 86 6c 6d 1c a0 ......O...f.lm..
2b10: 2a d2 38 00 6c 62 a1 3b f3 28 76 34 d7 c3 f9 61 *.8.lb.;.(v4...a
2b20: 55 55 9f ab aa 3a 8c e0 e9 b4 b9 e5 c6 6f 7d 07 UU...:.......o}.
2b30: a7 8a 33 07 37 75 12 c3 f7 ce d2 b6 01 6a a7 a7 ..3.7u.......j..
2b40: d3 c0 01 20 65 53 f5 f1 44 33 16 46 cd d1 4d 98 ... eS..D3.F..M.
2b50: 0a 72 0c cd 2b 66 ea 9b b9 8d 65 e9 47 d7 b9 47 .r..+f....e.G..G
2b60: c2 53 27 51 dd 24 58 d9 2a 40 55 cf 77 2f 77 d1 .S'Q.$X.*@U.w/w.
2b70: be 42 00 88 d3 d8 35 42 c7 f8 cc 5a 61 ea a3 7a .B....5B...Za..z
2b80: 5d 2d c3 c3 58 b3 82 c6 b1 f5 cb 28 3c 4d 7a 0c ]-..X......(<Mz.
2b90: 94 a9 72 01 f8 24 f7 17 b9 75 80 aa 7e fd 90 dd ..r..$...u..~...
2ba0: 45 58 fe 05 80 d8 25 71 a1 d1 12 d6 9e 56 1b 3e EX....%q.....V.>
2bb0: 2a 50 75 0d 15 33 fd 99 ea 70 d9 69 0c bd 60 6f *Pu..3...p.i..`o
2bc0: 21 3c 6d 25 eb e6 f1 86 af 00 45 89 13 00 36 93 !<m%......E...6.
2bd0: f4 dd fa aa 21 a1 a9 9e 83 46 61 60 63 d9 37 8f ....!....Fa`c.7.
2be0: 37 bc 04 a8 ea f9 97 68 e2 eb f1 00 a0 20 45 2c 7......h..... E,
2bf0: 79 a4 a2 1e ce dd 6e bb 60 07 41 67 a6 ce f5 f0 y.....n.`.Ag....
2c00: e0 97 bc 05 a8 8a 5d 79 00 b0 0d 42 54 cf b4 9a ......]y...BT...
2c10: 72 43 e5 69 63 c5 54 9f aa 0d 8f 72 79 93 a6 dd rC.ic.T....ry...
2c20: 46 bb a6 0d 00 11 3b 56 e5 03 3d 68 f5 3c 11 9e F.....;V..=h.<..
2c30: 36 57 d4 29 25 5e 03 94 1c 69 0b 23 00 a0 1b 17 6W.)%^...i.#....
2c40: a2 7a 39 37 af 64 34 8c 7b 71 5f ca d2 5d c3 7b .z97.d4.{q_..].{
2c50: 80 52 e7 3d 65 68 00 d8 8c ab 80 4c 08 51 61 68 .R.=eh.....L.Qah
2c60: 87 e1 23 e1 69 6b c5 9d 91 6b 51 81 aa 74 3a 76 ..#.ik...kQ..t:v
2c70: 8e a7 7f 03 40 08 4f 17 75 5d dc 61 44 c7 b3 30 ....@.O.u].aD..0
2c80: 61 7c 7b e3 d2 aa 4f 95 55 80 aa 9e fb a1 8a 7b a|{...O.U......{
2c90: 43 01 c0 93 a7 93 1e ea e1 9c 8d 39 06 b4 e9 e9 C..........9....
2ca0: 86 f0 e4 c5 79 06 af a1 33 af bb f0 5e 62 5d 19 ....y...3...^b].
2cb0: 00 bc 18 eb 6c 31 fa 4b b7 a4 29 eb 77 5c 97 bc ....l1.K..).w\..
2cc0: 71 07 3d 7f c9 e4 b5 74 62 56 81 aa 7e 55 a1 16 q.=....tbV..~U..
2cd0: ea 87 e2 97 1e 00 36 77 a8 6a d4 d2 a1 95 58 4e ......6w.j....XN
2ce0: d5 bc 07 c2 93 37 b3 92 db 75 4c 2b 50 0d 4e b2 .....7...uL+P.N.
2cf0: 06 00 6f ae 75 d7 cf 8d e9 9a 54 75 ba 62 44 81 ..o.u.....Tu.bD.
2d00: 77 c5 0c cd 7c 8d 69 05 aa a1 f3 8e 8a 5c 23 05 w...|.i......\#.
2d10: 00 cf ce 54 8d 22 0c ac a1 55 75 e2 fd f2 eb ba ...T."...Uu.....
2d20: e4 f0 54 85 aa 40 35 b4 e3 81 41 71 00 e0 c7 bd ..T..@5...Aq....
2d30: 7a a3 b2 3f b8 b5 2b 2d 77 5e b1 5c 67 c2 fd bc z..?..+-w^.\g...
2d40: ed 97 5e 05 0d 1a a0 2a 42 14 00 58 b8 75 55 fe ..^....*B..X.uU.
2d50: d2 2f 68 15 cb 75 a1 14 bd 74 d7 08 1e a0 aa 5f ./h..u...t....._
2d60: 3f e0 ae 63 ff a2 8f 7f 1b 00 32 e5 c2 d3 57 2d ?..c......2...W-
2d70: ad 14 17 a4 14 9c 2e 38 04 d8 5c b1 bb ee 5e ea .......8..\...^.
2d80: 25 40 55 9c 76 0d 00 56 16 1a 7b 70 59 c2 d2 9e %@U.v..V..{pY...
2d90: 36 29 9d 72 3d 09 a2 a8 c3 82 57 e9 2d 40 55 54 6).r=.....W.-@UT
2da0: a2 00 c0 9a 0b 52 5f 73 5c 6e 51 13 bd 0b 4e 8c .....R_s\nQ...N.
2db0: 76 08 c3 05 f3 f7 2c 13 3f eb 35 40 55 f4 44 01 v.....,.?.5@U.D.
2dc0: 40 08 33 2d ef 8d 53 ae 4a 69 99 ee 54 fd 4d bb @.3-..S.Ji..T.M.
2dd0: 11 3c a5 92 ec 6b 47 3d a4 f7 00 55 11 a2 00 20 .<...kG=...U... 
2de0: 24 77 11 fc 96 4a 98 52 68 72 81 e9 33 3b ea 7a $w...J.Rhr..3;.z
2df0: e3 76 7a de 16 fa da df 14 45 80 aa 9e 43 d4 15 .vz......E...C..
2e00: c3 36 01 20 98 a9 46 21 7c 8f 65 99 4f 47 80 b9 .6. ..F!|.e.OG..
2e10: 65 b9 8f 54 9a a2 40 d3 f8 1b a2 09 50 15 13 cb e..T..@.....P...
2e20: 01 a0 6f f7 0a 55 3f dd d7 10 4b 36 fa dc 77 7f ..o..U?...K6..w.
2e30: 3e 28 38 51 65 8a c7 ed 64 34 38 29 fd 4d 78 4b >(8Qe...d48).MxK
2e40: 54 01 aa e2 a0 47 00 88 cd 54 3d 54 3f f5 bc 9a T....G...T=T?...
2e50: 4a d5 62 9d 80 a5 80 d4 dc 14 37 0d df 1f f5 df J.b.......7.....
2e60: f1 39 1f 2f c2 d3 0a d1 05 a8 ea b9 84 7b c3 20 .9./.........{. 
2e70: 34 00 00 82 73 fd 71 47 bc ed cb 05 39 0b af 2b 4...s.qG....9..+
2e80: b7 4d 52 df bc cb 18 9f 1f 00 00 99 7a 3a 1e 88 .MR.........z:..
2e90: 6f ee 6a 51 56 a0 da 34 eb e3 86 be 28 00 00 4c o.jQV..4....(..L
2ea0: b1 6c d7 41 f4 01 aa a2 2f 0a 00 00 6b 84 a7 8e .l.A..../...k...
2eb0: 92 08 50 0d 26 97 03 00 e0 1d e1 69 03 49 05 a8 ..P.&......i.I..
2ec0: ea 57 88 3a d0 92 1e b3 41 00 00 d8 0e 43 32 37 .W.:....A....C27
2ed0: 14 65 13 f9 32 1a f6 b6 ef 4e 1c 8f f7 59 02 00 .e..2....N...Y..
2ee0: 10 35 77 a6 dd 11 e1 69 73 c9 55 a0 da a8 46 01 .5w....is.U...F.
2ef0: 00 d0 d9 54 95 27 ce b6 db 42 72 15 a8 b6 56 35 ...T.'...Br...V5
2f00: 8a 71 07 00 00 ac e6 2a 4e 35 e1 69 7b 49 57 a0 .q.....*N5.i{IW.
2f10: da b4 53 ef a6 35 e9 16 00 00 fc e2 96 ec ce 59 ..S..5.........Y
2f20: b2 f3 27 9b 00 d5 d0 dc a8 2b 96 f5 00 00 78 72 ..'......+....xr
2f30: af 25 bb 19 6f 87 3f d9 05 a8 46 3d 9c 9f 69 e4 .%..o.?...F=..i.
2f40: 01 03 38 01 00 25 72 55 a7 cb c9 68 c0 a6 2b 03 ..8..%rU...h..+.
2f50: d9 06 a8 ea f9 4c 3d 17 a4 4e 09 52 00 80 82 50 .....L=..N.R...P
2f60: 75 32 96 75 80 6a 10 a4 00 00 85 98 a9 d7 69 cc u2.u.j........i.
2f70: 37 dc 56 11 01 aa a1 20 75 ac 20 45 8f 14 00 20 7.V.... u. E... 
2f80: 17 6e b9 ee eb 64 34 f8 c2 77 34 8c a2 02 54 5b .n...d4..w4...T[
2f90: 3d 9c bb 20 f5 99 5d 7b 00 80 84 3d 05 27 37 5c =.. ..]{...=.'7\
2fa0: 7a 32 1a 2c f8 46 86 53 6c 80 6a d4 c3 f9 9e 2a z2.,.F.Sl.j....*
2fb0: 52 87 2c ef 01 00 12 41 70 ea 59 f1 01 aa a1 e5 R.,....Ap.Y.....
2fc0: 3d 17 a2 3e e9 2b 00 00 b1 99 69 78 f4 98 e0 d4 =..>.+....ix....
2fd0: 2f 02 d4 2b 34 94 f3 50 4b 7c 7b d1 3d 41 00 40 /..+4..PK|{.=A.@
2fe0: 69 c6 ea 71 ba e7 3b 1f 07 02 d4 0a 0a 53 07 54 i..q..;......S.T
2ff0: a6 00 00 81 b9 e3 56 be b9 e3 57 a8 36 c5 87 00 ......V...W.6...
3000: d5 91 26 9d 7f 54 a8 a2 3a 05 00 f0 c9 55 98 be ..&..T..:....U..
3010: 6b 89 8e 19 4e 11 23 40 6d 41 7d 53 4d 90 fa a8 k...N.#@mA}SM...
3020: af 34 a2 03 00 d6 35 55 68 fa e1 be 52 69 4a 07 .4....5Uh...RiJ.
3030: 01 ca 33 2d f9 ed e9 cf 07 cd 9b a2 52 05 00 98 ..3-........R...
3040: 29 30 fd 54 68 9a 12 98 d2 45 80 0a 44 c1 6a 57 )0.Th....E..D.jW
3050: 15 aa 26 50 7d 78 51 b1 62 26 15 00 a4 69 a1 70 ..&P}xQ.b&...i.p
3060: d4 f8 a1 af ee bf 5b d0 fc 9d 99 aa aa fe 1f 59 ......[........Y
3070: ab 66 47 27 37 d8 43 00 00 00 00 49 45 4e 44 ae .fG'7.C....IEND.
3080: 42 60 82 0d 0a 2d 2d 2d 2d 2d 2d 2d 2d 2d 2d 2d B`...-----------
3090: 2d 2d 2d 2d 2d 2d 2d 2d 2d 2d 2d 2d 2d 2d 2d 30 ---------------0
30a0: 69 61 36 78 33 4e 73 67 76 4d 58 38 78 39 6f 59 ia6x3NsgvMX8x9oY
30b0: 35 4b 71 6c 77 2d 2d 0d 0a                      5Kqlw--..
== Info: upload completely sent off: 12473 bytes
== Info: Empty reply from server
== Info: Closing connection
